2013-09-18T19:07:00+00:00 WARN (4): [2] stat(): stat failed for /var/www/vhosts/bio-views.com/httpdocs/SE/application/languages/en/album.csv (/var/www/vhosts/bio-views.com/httpdocs/SE/application/libraries/Engine/Vfs/Adapter/System.php) [77]
Error Code: 366fa4
Stack trace:
#0 /var/www/vhosts/bio-views.com/httpdocs/SE/application/libraries/Engine/Vfs/Adapter/System.php(77): stat('/var/www/vhosts/bio-views.com/ht...')
#1 /var/www/vhosts/bio-views.com/httpdocs/SE/application/libraries/Engine/Vfs/Adapter/Abstract.php(224): Engine_Vfs_Adapter_System->stat('/var/www/vhosts/bio-views.com/ht...')
#2 /var/www/vhosts/bio-views.com/httpdocs/SE/install/controllers/ManageController.php(752): Engine_Vfs_Adapter_Abstract->info('application/languages/en/album.c...')
#3 /var/www/vhosts/bio-views.com/httpdocs/SE/application/libraries/Zend/Controller/Action.php(513): ManageController->permsAction()
#4 /var/www/vhosts/bio-views.com/httpdocs/SE/application/libraries/Zend/Controller/Dispatcher/Standard.php(289): Zend_Controller_Action->dispatch('permsAction')
#5 /var/www/vhosts/bio-views.com/httpdocs/SE/application/libraries/Zend/Controller/Front.php(946): Zend_Controller_Dispatcher_Standard->dispatch(Zend_Controller_Request_Http, Zend_Controller_Response_Http)
#6 /var/www/vhosts/bio-views.com/httpdocs/SE/application/libraries/Zend/Application/Bootstrap/Bootstrap.php(77): Zend_Controller_Front->dispatch()
#7 /var/www/vhosts/bio-views.com/httpdocs/SE/application/libraries/Zend/Application.php(358): Zend_Application_Bootstrap_Bootstrap->run()
#8 /var/www/vhosts/bio-views.com/httpdocs/SE/install/index.php(87): Zend_Application->run()
#9 {main}

2013-09-18T19:07:00+00:00 WARN (4): [2] stat(): stat failed for /var/www/vhosts/bio-views.com/httpdocs/SE/application/modules/Album/Api/Core.php (/var/www/vhosts/bio-views.com/httpdocs/SE/application/libraries/Engine/Vfs/Adapter/System.php) [77]
Error Code: 221168
Stack trace:
#0 /var/www/vhosts/bio-views.com/httpdocs/SE/application/libraries/Engine/Vfs/Adapter/System.php(77): stat('/var/www/vhosts/bio-views.com/ht...')
#1 /var/www/vhosts/bio-views.com/httpdocs/SE/application/libraries/Engine/Vfs/Adapter/Abstract.php(224): Engine_Vfs_Adapter_System->stat('/var/www/vhosts/bio-views.com/ht...')
#2 /var/www/vhosts/bio-views.com/httpdocs/SE/install/controllers/ManageController.php(752): Engine_Vfs_Adapter_Abstract->info('application/modules/Album/Api/Co...')
#3 /var/www/vhosts/bio-views.com/httpdocs/SE/application/libraries/Zend/Controller/Action.php(513): ManageController->permsAction()
#4 /var/www/vhosts/bio-views.com/httpdocs/SE/application/libraries/Zend/Controller/Dispatcher/Standard.php(289): Zend_Controller_Action->dispatch('permsAction')
#5 /var/www/vhosts/bio-views.com/httpdocs/SE/application/libraries/Zend/Controller/Front.php(946): Zend_Controller_Dispatcher_Standard->dispatch(Zend_Controller_Request_Http, Zend_Controller_Response_Http)
#6 /var/www/vhosts/bio-views.com/httpdocs/SE/application/libraries/Zend/Application/Bootstrap/Bootstrap.php(77): Zend_Controller_Front->dispatch()
#7 /var/www/vhosts/bio-views.com/httpdocs/SE/application/libraries/Zend/Application.php(358): Zend_Application_Bootstrap_Bootstrap->run()
#8 /var/www/vhosts/bio-views.com/httpdocs/SE/install/index.php(87): Zend_Application->run()
#9 {main}

2013-09-18T19:07:00+00:00 WARN (4): [2] stat(): stat failed for /var/www/vhosts/bio-views.com/httpdocs/SE/application/modules/Album/Api (/var/www/vhosts/bio-views.com/httpdocs/SE/application/libraries/Engine/Vfs/Adapter/System.php) [77]
Error Code: 6f3cb6
Stack trace:
#0 /var/www/vhosts/bio-views.com/httpdocs/SE/application/libraries/Engine/Vfs/Adapter/System.php(77): stat('/var/www/vhosts/bio-views.com/ht...')
#1 /var/www/vhosts/bio-views.com/httpdocs/SE/application/libraries/Engine/Vfs/Adapter/Abstract.php(224): Engine_Vfs_Adapter_System->stat('/var/www/vhosts/bio-views.com/ht...')
#2 /var/www/vhosts/bio-views.com/httpdocs/SE/install/controllers/ManageController.php(752): Engine_Vfs_Adapter_Abstract->info('application/modules/Album/Api')
#3 /var/www/vhosts/bio-views.com/httpdocs/SE/application/libraries/Zend/Controller/Action.php(513): ManageController->permsAction()
#4 /var/www/vhosts/bio-views.com/httpdocs/SE/application/libraries/Zend/Controller/Dispatcher/Standard.php(289): Zend_Controller_Action->dispatch('permsAction')
#5 /var/www/vhosts/bio-views.com/httpdocs/SE/application/libraries/Zend/Controller/Front.php(946): Zend_Controller_Dispatcher_Standard->dispatch(Zend_Controller_Request_Http, Zend_Controller_Response_Http)
#6 /var/www/vhosts/bio-views.com/httpdocs/SE/application/libraries/Zend/Application/Bootstrap/Bootstrap.php(77): Zend_Controller_Front->dispatch()
#7 /var/www/vhosts/bio-views.com/httpdocs/SE/application/libraries/Zend/Application.php(358): Zend_Application_Bootstrap_Bootstrap->run()
#8 /var/www/vhosts/bio-views.com/httpdocs/SE/install/index.php(87): Zend_Application->run()
#9 {main}

2013-09-18T19:07:00+00:00 WARN (4): [2] stat(): stat failed for /var/www/vhosts/bio-views.com/httpdocs/SE/application/modules/Album (/var/www/vhosts/bio-views.com/httpdocs/SE/application/libraries/Engine/Vfs/Adapter/System.php) [77]
Error Code: 559a18
Stack trace:
#0 /var/www/vhosts/bio-views.com/httpdocs/SE/application/libraries/Engine/Vfs/Adapter/System.php(77): stat('/var/www/vhosts/bio-views.com/ht...')
#1 /var/www/vhosts/bio-views.com/httpdocs/SE/application/libraries/Engine/Vfs/Adapter/Abstract.php(224): Engine_Vfs_Adapter_System->stat('/var/www/vhosts/bio-views.com/ht...')
#2 /var/www/vhosts/bio-views.com/httpdocs/SE/install/controllers/ManageController.php(752): Engine_Vfs_Adapter_Abstract->info('application/modules/Album')
#3 /var/www/vhosts/bio-views.com/httpdocs/SE/application/libraries/Zend/Controller/Action.php(513): ManageController->permsAction()
#4 /var/www/vhosts/bio-views.com/httpdocs/SE/application/libraries/Zend/Controller/Dispatcher/Standard.php(289): Zend_Controller_Action->dispatch('permsAction')
#5 /var/www/vhosts/bio-views.com/httpdocs/SE/application/libraries/Zend/Controller/Front.php(946): Zend_Controller_Dispatcher_Standard->dispatch(Zend_Controller_Request_Http, Zend_Controller_Response_Http)
#6 /var/www/vhosts/bio-views.com/httpdocs/SE/application/libraries/Zend/Application/Bootstrap/Bootstrap.php(77): Zend_Controller_Front->dispatch()
#7 /var/www/vhosts/bio-views.com/httpdocs/SE/application/libraries/Zend/Application.php(358): Zend_Application_Bootstrap_Bootstrap->run()
#8 /var/www/vhosts/bio-views.com/httpdocs/SE/install/index.php(87): Zend_Application->run()
#9 {main}

2013-09-18T19:07:00+00:00 WARN (4): [2] stat(): stat failed for /var/www/vhosts/bio-views.com/httpdocs/SE/application/packages/module-album-4.5.0.json (/var/www/vhosts/bio-views.com/httpdocs/SE/application/libraries/Engine/Vfs/Adapter/System.php) [77]
Error Code: 2defee
Stack trace:
#0 /var/www/vhosts/bio-views.com/httpdocs/SE/application/libraries/Engine/Vfs/Adapter/System.php(77): stat('/var/www/vhosts/bio-views.com/ht...')
#1 /var/www/vhosts/bio-views.com/httpdocs/SE/application/libraries/Engine/Vfs/Adapter/Abstract.php(224): Engine_Vfs_Adapter_System->stat('/var/www/vhosts/bio-views.com/ht...')
#2 /var/www/vhosts/bio-views.com/httpdocs/SE/install/controllers/ManageController.php(752): Engine_Vfs_Adapter_Abstract->info('application/packages/module-albu...')
#3 /var/www/vhosts/bio-views.com/httpdocs/SE/application/libraries/Zend/Controller/Action.php(513): ManageController->permsAction()
#4 /var/www/vhosts/bio-views.com/httpdocs/SE/application/libraries/Zend/Controller/Dispatcher/Standard.php(289): Zend_Controller_Action->dispatch('permsAction')
#5 /var/www/vhosts/bio-views.com/httpdocs/SE/application/libraries/Zend/Controller/Front.php(946): Zend_Controller_Dispatcher_Standard->dispatch(Zend_Controller_Request_Http, Zend_Controller_Response_Http)
#6 /var/www/vhosts/bio-views.com/httpdocs/SE/application/libraries/Zend/Application/Bootstrap/Bootstrap.php(77): Zend_Controller_Front->dispatch()
#7 /var/www/vhosts/bio-views.com/httpdocs/SE/application/libraries/Zend/Application.php(358): Zend_Application_Bootstrap_Bootstrap->run()
#8 /var/www/vhosts/bio-views.com/httpdocs/SE/install/index.php(87): Zend_Application->run()
#9 {main}

2013-09-18T19:07:00+00:00 WARN (4): [2] stat(): stat failed for /var/www/vhosts/bio-views.com/httpdocs/SE/application/languages/en/blog.csv (/var/www/vhosts/bio-views.com/httpdocs/SE/application/libraries/Engine/Vfs/Adapter/System.php) [77]
Error Code: 0b1483
Stack trace:
#0 /var/www/vhosts/bio-views.com/httpdocs/SE/application/libraries/Engine/Vfs/Adapter/System.php(77): stat('/var/www/vhosts/bio-views.com/ht...')
#1 /var/www/vhosts/bio-views.com/httpdocs/SE/application/libraries/Engine/Vfs/Adapter/Abstract.php(224): Engine_Vfs_Adapter_System->stat('/var/www/vhosts/bio-views.com/ht...')
#2 /var/www/vhosts/bio-views.com/httpdocs/SE/install/controllers/ManageController.php(752): Engine_Vfs_Adapter_Abstract->info('application/languages/en/blog.cs...')
#3 /var/www/vhosts/bio-views.com/httpdocs/SE/application/libraries/Zend/Controller/Action.php(513): ManageController->permsAction()
#4 /var/www/vhosts/bio-views.com/httpdocs/SE/application/libraries/Zend/Controller/Dispatcher/Standard.php(289): Zend_Controller_Action->dispatch('permsAction')
#5 /var/www/vhosts/bio-views.com/httpdocs/SE/application/libraries/Zend/Controller/Front.php(946): Zend_Controller_Dispatcher_Standard->dispatch(Zend_Controller_Request_Http, Zend_Controller_Response_Http)
#6 /var/www/vhosts/bio-views.com/httpdocs/SE/application/libraries/Zend/Application/Bootstrap/Bootstrap.php(77): Zend_Controller_Front->dispatch()
#7 /var/www/vhosts/bio-views.com/httpdocs/SE/application/libraries/Zend/Application.php(358): Zend_Application_Bootstrap_Bootstrap->run()
#8 /var/www/vhosts/bio-views.com/httpdocs/SE/install/index.php(87): Zend_Application->run()
#9 {main}

2013-09-18T19:07:00+00:00 WARN (4): [2] stat(): stat failed for /var/www/vhosts/bio-views.com/httpdocs/SE/application/modules/Blog/Api/Core.php (/var/www/vhosts/bio-views.com/httpdocs/SE/application/libraries/Engine/Vfs/Adapter/System.php) [77]
Error Code: 8e5bad
Stack trace:
#0 /var/www/vhosts/bio-views.com/httpdocs/SE/application/libraries/Engine/Vfs/Adapter/System.php(77): stat('/var/www/vhosts/bio-views.com/ht...')
#1 /var/www/vhosts/bio-views.com/httpdocs/SE/application/libraries/Engine/Vfs/Adapter/Abstract.php(224): Engine_Vfs_Adapter_System->stat('/var/www/vhosts/bio-views.com/ht...')
#2 /var/www/vhosts/bio-views.com/httpdocs/SE/install/controllers/ManageController.php(752): Engine_Vfs_Adapter_Abstract->info('application/modules/Blog/Api/Cor...')
#3 /var/www/vhosts/bio-views.com/httpdocs/SE/application/libraries/Zend/Controller/Action.php(513): ManageController->permsAction()
#4 /var/www/vhosts/bio-views.com/httpdocs/SE/application/libraries/Zend/Controller/Dispatcher/Standard.php(289): Zend_Controller_Action->dispatch('permsAction')
#5 /var/www/vhosts/bio-views.com/httpdocs/SE/application/libraries/Zend/Controller/Front.php(946): Zend_Controller_Dispatcher_Standard->dispatch(Zend_Controller_Request_Http, Zend_Controller_Response_Http)
#6 /var/www/vhosts/bio-views.com/httpdocs/SE/application/libraries/Zend/Application/Bootstrap/Bootstrap.php(77): Zend_Controller_Front->dispatch()
#7 /var/www/vhosts/bio-views.com/httpdocs/SE/application/libraries/Zend/Application.php(358): Zend_Application_Bootstrap_Bootstrap->run()
#8 /var/www/vhosts/bio-views.com/httpdocs/SE/install/index.php(87): Zend_Application->run()
#9 {main}

2013-09-18T19:07:00+00:00 WARN (4): [2] stat(): stat failed for /var/www/vhosts/bio-views.com/httpdocs/SE/application/modules/Blog/Api (/var/www/vhosts/bio-views.com/httpdocs/SE/application/libraries/Engine/Vfs/Adapter/System.php) [77]
Error Code: c9fd2a
Stack trace:
#0 /var/www/vhosts/bio-views.com/httpdocs/SE/application/libraries/Engine/Vfs/Adapter/System.php(77): stat('/var/www/vhosts/bio-views.com/ht...')
#1 /var/www/vhosts/bio-views.com/httpdocs/SE/application/libraries/Engine/Vfs/Adapter/Abstract.php(224): Engine_Vfs_Adapter_System->stat('/var/www/vhosts/bio-views.com/ht...')
#2 /var/www/vhosts/bio-views.com/httpdocs/SE/install/controllers/ManageController.php(752): Engine_Vfs_Adapter_Abstract->info('application/modules/Blog/Api')
#3 /var/www/vhosts/bio-views.com/httpdocs/SE/application/libraries/Zend/Controller/Action.php(513): ManageController->permsAction()
#4 /var/www/vhosts/bio-views.com/httpdocs/SE/application/libraries/Zend/Controller/Dispatcher/Standard.php(289): Zend_Controller_Action->dispatch('permsAction')
#5 /var/www/vhosts/bio-views.com/httpdocs/SE/application/libraries/Zend/Controller/Front.php(946): Zend_Controller_Dispatcher_Standard->dispatch(Zend_Controller_Request_Http, Zend_Controller_Response_Http)
#6 /var/www/vhosts/bio-views.com/httpdocs/SE/application/libraries/Zend/Application/Bootstrap/Bootstrap.php(77): Zend_Controller_Front->dispatch()
#7 /var/www/vhosts/bio-views.com/httpdocs/SE/application/libraries/Zend/Application.php(358): Zend_Application_Bootstrap_Bootstrap->run()
#8 /var/www/vhosts/bio-views.com/httpdocs/SE/install/index.php(87): Zend_Application->run()
#9 {main}

2013-09-18T19:07:00+00:00 WARN (4): [2] stat(): stat failed for /var/www/vhosts/bio-views.com/httpdocs/SE/application/modules/Blog (/var/www/vhosts/bio-views.com/httpdocs/SE/application/libraries/Engine/Vfs/Adapter/System.php) [77]
Error Code: f3ef64
Stack trace:
#0 /var/www/vhosts/bio-views.com/httpdocs/SE/application/libraries/Engine/Vfs/Adapter/System.php(77): stat('/var/www/vhosts/bio-views.com/ht...')
#1 /var/www/vhosts/bio-views.com/httpdocs/SE/application/libraries/Engine/Vfs/Adapter/Abstract.php(224): Engine_Vfs_Adapter_System->stat('/var/www/vhosts/bio-views.com/ht...')
#2 /var/www/vhosts/bio-views.com/httpdocs/SE/install/controllers/ManageController.php(752): Engine_Vfs_Adapter_Abstract->info('application/modules/Blog')
#3 /var/www/vhosts/bio-views.com/httpdocs/SE/application/libraries/Zend/Controller/Action.php(513): ManageController->permsAction()
#4 /var/www/vhosts/bio-views.com/httpdocs/SE/application/libraries/Zend/Controller/Dispatcher/Standard.php(289): Zend_Controller_Action->dispatch('permsAction')
#5 /var/www/vhosts/bio-views.com/httpdocs/SE/application/libraries/Zend/Controller/Front.php(946): Zend_Controller_Dispatcher_Standard->dispatch(Zend_Controller_Request_Http, Zend_Controller_Response_Http)
#6 /var/www/vhosts/bio-views.com/httpdocs/SE/application/libraries/Zend/Application/Bootstrap/Bootstrap.php(77): Zend_Controller_Front->dispatch()
#7 /var/www/vhosts/bio-views.com/httpdocs/SE/application/libraries/Zend/Application.php(358): Zend_Application_Bootstrap_Bootstrap->run()
#8 /var/www/vhosts/bio-views.com/httpdocs/SE/install/index.php(87): Zend_Application->run()
#9 {main}

2013-09-18T19:07:00+00:00 WARN (4): [2] stat(): stat failed for /var/www/vhosts/bio-views.com/httpdocs/SE/application/packages/module-blog-4.5.0.json (/var/www/vhosts/bio-views.com/httpdocs/SE/application/libraries/Engine/Vfs/Adapter/System.php) [77]
Error Code: 58e7f6
Stack trace:
#0 /var/www/vhosts/bio-views.com/httpdocs/SE/application/libraries/Engine/Vfs/Adapter/System.php(77): stat('/var/www/vhosts/bio-views.com/ht...')
#1 /var/www/vhosts/bio-views.com/httpdocs/SE/application/libraries/Engine/Vfs/Adapter/Abstract.php(224): Engine_Vfs_Adapter_System->stat('/var/www/vhosts/bio-views.com/ht...')
#2 /var/www/vhosts/bio-views.com/httpdocs/SE/install/controllers/ManageController.php(752): Engine_Vfs_Adapter_Abstract->info('application/packages/module-blog...')
#3 /var/www/vhosts/bio-views.com/httpdocs/SE/application/libraries/Zend/Controller/Action.php(513): ManageController->permsAction()
#4 /var/www/vhosts/bio-views.com/httpdocs/SE/application/libraries/Zend/Controller/Dispatcher/Standard.php(289): Zend_Controller_Action->dispatch('permsAction')
#5 /var/www/vhosts/bio-views.com/httpdocs/SE/application/libraries/Zend/Controller/Front.php(946): Zend_Controller_Dispatcher_Standard->dispatch(Zend_Controller_Request_Http, Zend_Controller_Response_Http)
#6 /var/www/vhosts/bio-views.com/httpdocs/SE/application/libraries/Zend/Application/Bootstrap/Bootstrap.php(77): Zend_Controller_Front->dispatch()
#7 /var/www/vhosts/bio-views.com/httpdocs/SE/application/libraries/Zend/Application.php(358): Zend_Application_Bootstrap_Bootstrap->run()
#8 /var/www/vhosts/bio-views.com/httpdocs/SE/install/index.php(87): Zend_Application->run()
#9 {main}

2013-09-18T19:07:00+00:00 WARN (4): [2] stat(): stat failed for /var/www/vhosts/bio-views.com/httpdocs/SE/application/languages/en/chat.csv (/var/www/vhosts/bio-views.com/httpdocs/SE/application/libraries/Engine/Vfs/Adapter/System.php) [77]
Error Code: eaeed7
Stack trace:
#0 /var/www/vhosts/bio-views.com/httpdocs/SE/application/libraries/Engine/Vfs/Adapter/System.php(77): stat('/var/www/vhosts/bio-views.com/ht...')
#1 /var/www/vhosts/bio-views.com/httpdocs/SE/application/libraries/Engine/Vfs/Adapter/Abstract.php(224): Engine_Vfs_Adapter_System->stat('/var/www/vhosts/bio-views.com/ht...')
#2 /var/www/vhosts/bio-views.com/httpdocs/SE/install/controllers/ManageController.php(752): Engine_Vfs_Adapter_Abstract->info('application/languages/en/chat.cs...')
#3 /var/www/vhosts/bio-views.com/httpdocs/SE/application/libraries/Zend/Controller/Action.php(513): ManageController->permsAction()
#4 /var/www/vhosts/bio-views.com/httpdocs/SE/application/libraries/Zend/Controller/Dispatcher/Standard.php(289): Zend_Controller_Action->dispatch('permsAction')
#5 /var/www/vhosts/bio-views.com/httpdocs/SE/application/libraries/Zend/Controller/Front.php(946): Zend_Controller_Dispatcher_Standard->dispatch(Zend_Controller_Request_Http, Zend_Controller_Response_Http)
#6 /var/www/vhosts/bio-views.com/httpdocs/SE/application/libraries/Zend/Application/Bootstrap/Bootstrap.php(77): Zend_Controller_Front->dispatch()
#7 /var/www/vhosts/bio-views.com/httpdocs/SE/application/libraries/Zend/Application.php(358): Zend_Application_Bootstrap_Bootstrap->run()
#8 /var/www/vhosts/bio-views.com/httpdocs/SE/install/index.php(87): Zend_Application->run()
#9 {main}

2013-09-18T19:07:00+00:00 WARN (4): [2] stat(): stat failed for /var/www/vhosts/bio-views.com/httpdocs/SE/application/modules/Chat/Bootstrap.php (/var/www/vhosts/bio-views.com/httpdocs/SE/application/libraries/Engine/Vfs/Adapter/System.php) [77]
Error Code: 6074ba
Stack trace:
#0 /var/www/vhosts/bio-views.com/httpdocs/SE/application/libraries/Engine/Vfs/Adapter/System.php(77): stat('/var/www/vhosts/bio-views.com/ht...')
#1 /var/www/vhosts/bio-views.com/httpdocs/SE/application/libraries/Engine/Vfs/Adapter/Abstract.php(224): Engine_Vfs_Adapter_System->stat('/var/www/vhosts/bio-views.com/ht...')
#2 /var/www/vhosts/bio-views.com/httpdocs/SE/install/controllers/ManageController.php(752): Engine_Vfs_Adapter_Abstract->info('application/modules/Chat/Bootstr...')
#3 /var/www/vhosts/bio-views.com/httpdocs/SE/application/libraries/Zend/Controller/Action.php(513): ManageController->permsAction()
#4 /var/www/vhosts/bio-views.com/httpdocs/SE/application/libraries/Zend/Controller/Dispatcher/Standard.php(289): Zend_Controller_Action->dispatch('permsAction')
#5 /var/www/vhosts/bio-views.com/httpdocs/SE/application/libraries/Zend/Controller/Front.php(946): Zend_Controller_Dispatcher_Standard->dispatch(Zend_Controller_Request_Http, Zend_Controller_Response_Http)
#6 /var/www/vhosts/bio-views.com/httpdocs/SE/application/libraries/Zend/Application/Bootstrap/Bootstrap.php(77): Zend_Controller_Front->dispatch()
#7 /var/www/vhosts/bio-views.com/httpdocs/SE/application/libraries/Zend/Application.php(358): Zend_Application_Bootstrap_Bootstrap->run()
#8 /var/www/vhosts/bio-views.com/httpdocs/SE/install/index.php(87): Zend_Application->run()
#9 {main}

2013-09-18T19:07:00+00:00 WARN (4): [2] stat(): stat failed for /var/www/vhosts/bio-views.com/httpdocs/SE/application/modules/Chat (/var/www/vhosts/bio-views.com/httpdocs/SE/application/libraries/Engine/Vfs/Adapter/System.php) [77]
Error Code: f143f5
Stack trace:
#0 /var/www/vhosts/bio-views.com/httpdocs/SE/application/libraries/Engine/Vfs/Adapter/System.php(77): stat('/var/www/vhosts/bio-views.com/ht...')
#1 /var/www/vhosts/bio-views.com/httpdocs/SE/application/libraries/Engine/Vfs/Adapter/Abstract.php(224): Engine_Vfs_Adapter_System->stat('/var/www/vhosts/bio-views.com/ht...')
#2 /var/www/vhosts/bio-views.com/httpdocs/SE/install/controllers/ManageController.php(752): Engine_Vfs_Adapter_Abstract->info('application/modules/Chat')
#3 /var/www/vhosts/bio-views.com/httpdocs/SE/application/libraries/Zend/Controller/Action.php(513): ManageController->permsAction()
#4 /var/www/vhosts/bio-views.com/httpdocs/SE/application/libraries/Zend/Controller/Dispatcher/Standard.php(289): Zend_Controller_Action->dispatch('permsAction')
#5 /var/www/vhosts/bio-views.com/httpdocs/SE/application/libraries/Zend/Controller/Front.php(946): Zend_Controller_Dispatcher_Standard->dispatch(Zend_Controller_Request_Http, Zend_Controller_Response_Http)
#6 /var/www/vhosts/bio-views.com/httpdocs/SE/application/libraries/Zend/Application/Bootstrap/Bootstrap.php(77): Zend_Controller_Front->dispatch()
#7 /var/www/vhosts/bio-views.com/httpdocs/SE/application/libraries/Zend/Application.php(358): Zend_Application_Bootstrap_Bootstrap->run()
#8 /var/www/vhosts/bio-views.com/httpdocs/SE/install/index.php(87): Zend_Application->run()
#9 {main}

2013-09-18T19:07:00+00:00 WARN (4): [2] stat(): stat failed for /var/www/vhosts/bio-views.com/httpdocs/SE/application/packages/module-chat-4.5.0.json (/var/www/vhosts/bio-views.com/httpdocs/SE/application/libraries/Engine/Vfs/Adapter/System.php) [77]
Error Code: 548b18
Stack trace:
#0 /var/www/vhosts/bio-views.com/httpdocs/SE/application/libraries/Engine/Vfs/Adapter/System.php(77): stat('/var/www/vhosts/bio-views.com/ht...')
#1 /var/www/vhosts/bio-views.com/httpdocs/SE/application/libraries/Engine/Vfs/Adapter/Abstract.php(224): Engine_Vfs_Adapter_System->stat('/var/www/vhosts/bio-views.com/ht...')
#2 /var/www/vhosts/bio-views.com/httpdocs/SE/install/controllers/ManageController.php(752): Engine_Vfs_Adapter_Abstract->info('application/packages/module-chat...')
#3 /var/www/vhosts/bio-views.com/httpdocs/SE/application/libraries/Zend/Controller/Action.php(513): ManageController->permsAction()
#4 /var/www/vhosts/bio-views.com/httpdocs/SE/application/libraries/Zend/Controller/Dispatcher/Standard.php(289): Zend_Controller_Action->dispatch('permsAction')
#5 /var/www/vhosts/bio-views.com/httpdocs/SE/application/libraries/Zend/Controller/Front.php(946): Zend_Controller_Dispatcher_Standard->dispatch(Zend_Controller_Request_Http, Zend_Controller_Response_Http)
#6 /var/www/vhosts/bio-views.com/httpdocs/SE/application/libraries/Zend/Application/Bootstrap/Bootstrap.php(77): Zend_Controller_Front->dispatch()
#7 /var/www/vhosts/bio-views.com/httpdocs/SE/application/libraries/Zend/Application.php(358): Zend_Application_Bootstrap_Bootstrap->run()
#8 /var/www/vhosts/bio-views.com/httpdocs/SE/install/index.php(87): Zend_Application->run()
#9 {main}

2013-09-18T19:07:00+00:00 WARN (4): [2] stat(): stat failed for /var/www/vhosts/bio-views.com/httpdocs/SE/application/languages/en/classified.csv (/var/www/vhosts/bio-views.com/httpdocs/SE/application/libraries/Engine/Vfs/Adapter/System.php) [77]
Error Code: d04e8a
Stack trace:
#0 /var/www/vhosts/bio-views.com/httpdocs/SE/application/libraries/Engine/Vfs/Adapter/System.php(77): stat('/var/www/vhosts/bio-views.com/ht...')
#1 /var/www/vhosts/bio-views.com/httpdocs/SE/application/libraries/Engine/Vfs/Adapter/Abstract.php(224): Engine_Vfs_Adapter_System->stat('/var/www/vhosts/bio-views.com/ht...')
#2 /var/www/vhosts/bio-views.com/httpdocs/SE/install/controllers/ManageController.php(752): Engine_Vfs_Adapter_Abstract->info('application/languages/en/classif...')
#3 /var/www/vhosts/bio-views.com/httpdocs/SE/application/libraries/Zend/Controller/Action.php(513): ManageController->permsAction()
#4 /var/www/vhosts/bio-views.com/httpdocs/SE/application/libraries/Zend/Controller/Dispatcher/Standard.php(289): Zend_Controller_Action->dispatch('permsAction')
#5 /var/www/vhosts/bio-views.com/httpdocs/SE/application/libraries/Zend/Controller/Front.php(946): Zend_Controller_Dispatcher_Standard->dispatch(Zend_Controller_Request_Http, Zend_Controller_Response_Http)
#6 /var/www/vhosts/bio-views.com/httpdocs/SE/application/libraries/Zend/Application/Bootstrap/Bootstrap.php(77): Zend_Controller_Front->dispatch()
#7 /var/www/vhosts/bio-views.com/httpdocs/SE/application/libraries/Zend/Application.php(358): Zend_Application_Bootstrap_Bootstrap->run()
#8 /var/www/vhosts/bio-views.com/httpdocs/SE/install/index.php(87): Zend_Application->run()
#9 {main}

2013-09-18T19:07:00+00:00 WARN (4): [2] stat(): stat failed for /var/www/vhosts/bio-views.com/httpdocs/SE/application/modules/Classified/Api/Core.php (/var/www/vhosts/bio-views.com/httpdocs/SE/application/libraries/Engine/Vfs/Adapter/System.php) [77]
Error Code: 47957f
Stack trace:
#0 /var/www/vhosts/bio-views.com/httpdocs/SE/application/libraries/Engine/Vfs/Adapter/System.php(77): stat('/var/www/vhosts/bio-views.com/ht...')
#1 /var/www/vhosts/bio-views.com/httpdocs/SE/application/libraries/Engine/Vfs/Adapter/Abstract.php(224): Engine_Vfs_Adapter_System->stat('/var/www/vhosts/bio-views.com/ht...')
#2 /var/www/vhosts/bio-views.com/httpdocs/SE/install/controllers/ManageController.php(752): Engine_Vfs_Adapter_Abstract->info('application/modules/Classified/A...')
#3 /var/www/vhosts/bio-views.com/httpdocs/SE/application/libraries/Zend/Controller/Action.php(513): ManageController->permsAction()
#4 /var/www/vhosts/bio-views.com/httpdocs/SE/application/libraries/Zend/Controller/Dispatcher/Standard.php(289): Zend_Controller_Action->dispatch('permsAction')
#5 /var/www/vhosts/bio-views.com/httpdocs/SE/application/libraries/Zend/Controller/Front.php(946): Zend_Controller_Dispatcher_Standard->dispatch(Zend_Controller_Request_Http, Zend_Controller_Response_Http)
#6 /var/www/vhosts/bio-views.com/httpdocs/SE/application/libraries/Zend/Application/Bootstrap/Bootstrap.php(77): Zend_Controller_Front->dispatch()
#7 /var/www/vhosts/bio-views.com/httpdocs/SE/application/libraries/Zend/Application.php(358): Zend_Application_Bootstrap_Bootstrap->run()
#8 /var/www/vhosts/bio-views.com/httpdocs/SE/install/index.php(87): Zend_Application->run()
#9 {main}

2013-09-18T19:07:00+00:00 WARN (4): [2] stat(): stat failed for /var/www/vhosts/bio-views.com/httpdocs/SE/application/modules/Classified/Api (/var/www/vhosts/bio-views.com/httpdocs/SE/application/libraries/Engine/Vfs/Adapter/System.php) [77]
Error Code: 1d410e
Stack trace:
#0 /var/www/vhosts/bio-views.com/httpdocs/SE/application/libraries/Engine/Vfs/Adapter/System.php(77): stat('/var/www/vhosts/bio-views.com/ht...')
#1 /var/www/vhosts/bio-views.com/httpdocs/SE/application/libraries/Engine/Vfs/Adapter/Abstract.php(224): Engine_Vfs_Adapter_System->stat('/var/www/vhosts/bio-views.com/ht...')
#2 /var/www/vhosts/bio-views.com/httpdocs/SE/install/controllers/ManageController.php(752): Engine_Vfs_Adapter_Abstract->info('application/modules/Classified/A...')
#3 /var/www/vhosts/bio-views.com/httpdocs/SE/application/libraries/Zend/Controller/Action.php(513): ManageController->permsAction()
#4 /var/www/vhosts/bio-views.com/httpdocs/SE/application/libraries/Zend/Controller/Dispatcher/Standard.php(289): Zend_Controller_Action->dispatch('permsAction')
#5 /var/www/vhosts/bio-views.com/httpdocs/SE/application/libraries/Zend/Controller/Front.php(946): Zend_Controller_Dispatcher_Standard->dispatch(Zend_Controller_Request_Http, Zend_Controller_Response_Http)
#6 /var/www/vhosts/bio-views.com/httpdocs/SE/application/libraries/Zend/Application/Bootstrap/Bootstrap.php(77): Zend_Controller_Front->dispatch()
#7 /var/www/vhosts/bio-views.com/httpdocs/SE/application/libraries/Zend/Application.php(358): Zend_Application_Bootstrap_Bootstrap->run()
#8 /var/www/vhosts/bio-views.com/httpdocs/SE/install/index.php(87): Zend_Application->run()
#9 {main}

2013-09-18T19:07:00+00:00 WARN (4): [2] stat(): stat failed for /var/www/vhosts/bio-views.com/httpdocs/SE/application/modules/Classified (/var/www/vhosts/bio-views.com/httpdocs/SE/application/libraries/Engine/Vfs/Adapter/System.php) [77]
Error Code: c5c407
Stack trace:
#0 /var/www/vhosts/bio-views.com/httpdocs/SE/application/libraries/Engine/Vfs/Adapter/System.php(77): stat('/var/www/vhosts/bio-views.com/ht...')
#1 /var/www/vhosts/bio-views.com/httpdocs/SE/application/libraries/Engine/Vfs/Adapter/Abstract.php(224): Engine_Vfs_Adapter_System->stat('/var/www/vhosts/bio-views.com/ht...')
#2 /var/www/vhosts/bio-views.com/httpdocs/SE/install/controllers/ManageController.php(752): Engine_Vfs_Adapter_Abstract->info('application/modules/Classified')
#3 /var/www/vhosts/bio-views.com/httpdocs/SE/application/libraries/Zend/Controller/Action.php(513): ManageController->permsAction()
#4 /var/www/vhosts/bio-views.com/httpdocs/SE/application/libraries/Zend/Controller/Dispatcher/Standard.php(289): Zend_Controller_Action->dispatch('permsAction')
#5 /var/www/vhosts/bio-views.com/httpdocs/SE/application/libraries/Zend/Controller/Front.php(946): Zend_Controller_Dispatcher_Standard->dispatch(Zend_Controller_Request_Http, Zend_Controller_Response_Http)
#6 /var/www/vhosts/bio-views.com/httpdocs/SE/application/libraries/Zend/Application/Bootstrap/Bootstrap.php(77): Zend_Controller_Front->dispatch()
#7 /var/www/vhosts/bio-views.com/httpdocs/SE/application/libraries/Zend/Application.php(358): Zend_Application_Bootstrap_Bootstrap->run()
#8 /var/www/vhosts/bio-views.com/httpdocs/SE/install/index.php(87): Zend_Application->run()
#9 {main}

2013-09-18T19:07:00+00:00 WARN (4): [2] stat(): stat failed for /var/www/vhosts/bio-views.com/httpdocs/SE/application/packages/module-classified-4.5.0.json (/var/www/vhosts/bio-views.com/httpdocs/SE/application/libraries/Engine/Vfs/Adapter/System.php) [77]
Error Code: 07e287
Stack trace:
#0 /var/www/vhosts/bio-views.com/httpdocs/SE/application/libraries/Engine/Vfs/Adapter/System.php(77): stat('/var/www/vhosts/bio-views.com/ht...')
#1 /var/www/vhosts/bio-views.com/httpdocs/SE/application/libraries/Engine/Vfs/Adapter/Abstract.php(224): Engine_Vfs_Adapter_System->stat('/var/www/vhosts/bio-views.com/ht...')
#2 /var/www/vhosts/bio-views.com/httpdocs/SE/install/controllers/ManageController.php(752): Engine_Vfs_Adapter_Abstract->info('application/packages/module-clas...')
#3 /var/www/vhosts/bio-views.com/httpdocs/SE/application/libraries/Zend/Controller/Action.php(513): ManageController->permsAction()
#4 /var/www/vhosts/bio-views.com/httpdocs/SE/application/libraries/Zend/Controller/Dispatcher/Standard.php(289): Zend_Controller_Action->dispatch('permsAction')
#5 /var/www/vhosts/bio-views.com/httpdocs/SE/application/libraries/Zend/Controller/Front.php(946): Zend_Controller_Dispatcher_Standard->dispatch(Zend_Controller_Request_Http, Zend_Controller_Response_Http)
#6 /var/www/vhosts/bio-views.com/httpdocs/SE/application/libraries/Zend/Application/Bootstrap/Bootstrap.php(77): Zend_Controller_Front->dispatch()
#7 /var/www/vhosts/bio-views.com/httpdocs/SE/application/libraries/Zend/Application.php(358): Zend_Application_Bootstrap_Bootstrap->run()
#8 /var/www/vhosts/bio-views.com/httpdocs/SE/install/index.php(87): Zend_Application->run()
#9 {main}

2013-09-18T19:07:00+00:00 WARN (4): [2] stat(): stat failed for /var/www/vhosts/bio-views.com/httpdocs/SE/application/languages/en/event.csv (/var/www/vhosts/bio-views.com/httpdocs/SE/application/libraries/Engine/Vfs/Adapter/System.php) [77]
Error Code: 2835c2
Stack trace:
#0 /var/www/vhosts/bio-views.com/httpdocs/SE/application/libraries/Engine/Vfs/Adapter/System.php(77): stat('/var/www/vhosts/bio-views.com/ht...')
#1 /var/www/vhosts/bio-views.com/httpdocs/SE/application/libraries/Engine/Vfs/Adapter/Abstract.php(224): Engine_Vfs_Adapter_System->stat('/var/www/vhosts/bio-views.com/ht...')
#2 /var/www/vhosts/bio-views.com/httpdocs/SE/install/controllers/ManageController.php(752): Engine_Vfs_Adapter_Abstract->info('application/languages/en/event.c...')
#3 /var/www/vhosts/bio-views.com/httpdocs/SE/application/libraries/Zend/Controller/Action.php(513): ManageController->permsAction()
#4 /var/www/vhosts/bio-views.com/httpdocs/SE/application/libraries/Zend/Controller/Dispatcher/Standard.php(289): Zend_Controller_Action->dispatch('permsAction')
#5 /var/www/vhosts/bio-views.com/httpdocs/SE/application/libraries/Zend/Controller/Front.php(946): Zend_Controller_Dispatcher_Standard->dispatch(Zend_Controller_Request_Http, Zend_Controller_Response_Http)
#6 /var/www/vhosts/bio-views.com/httpdocs/SE/application/libraries/Zend/Application/Bootstrap/Bootstrap.php(77): Zend_Controller_Front->dispatch()
#7 /var/www/vhosts/bio-views.com/httpdocs/SE/application/libraries/Zend/Application.php(358): Zend_Application_Bootstrap_Bootstrap->run()
#8 /var/www/vhosts/bio-views.com/httpdocs/SE/install/index.php(87): Zend_Application->run()
#9 {main}

2013-09-18T19:07:00+00:00 WARN (4): [2] stat(): stat failed for /var/www/vhosts/bio-views.com/httpdocs/SE/application/modules/Event/Api/Core.php (/var/www/vhosts/bio-views.com/httpdocs/SE/application/libraries/Engine/Vfs/Adapter/System.php) [77]
Error Code: 98f37c
Stack trace:
#0 /var/www/vhosts/bio-views.com/httpdocs/SE/application/libraries/Engine/Vfs/Adapter/System.php(77): stat('/var/www/vhosts/bio-views.com/ht...')
#1 /var/www/vhosts/bio-views.com/httpdocs/SE/application/libraries/Engine/Vfs/Adapter/Abstract.php(224): Engine_Vfs_Adapter_System->stat('/var/www/vhosts/bio-views.com/ht...')
#2 /var/www/vhosts/bio-views.com/httpdocs/SE/install/controllers/ManageController.php(752): Engine_Vfs_Adapter_Abstract->info('application/modules/Event/Api/Co...')
#3 /var/www/vhosts/bio-views.com/httpdocs/SE/application/libraries/Zend/Controller/Action.php(513): ManageController->permsAction()
#4 /var/www/vhosts/bio-views.com/httpdocs/SE/application/libraries/Zend/Controller/Dispatcher/Standard.php(289): Zend_Controller_Action->dispatch('permsAction')
#5 /var/www/vhosts/bio-views.com/httpdocs/SE/application/libraries/Zend/Controller/Front.php(946): Zend_Controller_Dispatcher_Standard->dispatch(Zend_Controller_Request_Http, Zend_Controller_Response_Http)
#6 /var/www/vhosts/bio-views.com/httpdocs/SE/application/libraries/Zend/Application/Bootstrap/Bootstrap.php(77): Zend_Controller_Front->dispatch()
#7 /var/www/vhosts/bio-views.com/httpdocs/SE/application/libraries/Zend/Application.php(358): Zend_Application_Bootstrap_Bootstrap->run()
#8 /var/www/vhosts/bio-views.com/httpdocs/SE/install/index.php(87): Zend_Application->run()
#9 {main}

2013-09-18T19:07:00+00:00 WARN (4): [2] stat(): stat failed for /var/www/vhosts/bio-views.com/httpdocs/SE/application/modules/Event/Api (/var/www/vhosts/bio-views.com/httpdocs/SE/application/libraries/Engine/Vfs/Adapter/System.php) [77]
Error Code: d3515f
Stack trace:
#0 /var/www/vhosts/bio-views.com/httpdocs/SE/application/libraries/Engine/Vfs/Adapter/System.php(77): stat('/var/www/vhosts/bio-views.com/ht...')
#1 /var/www/vhosts/bio-views.com/httpdocs/SE/application/libraries/Engine/Vfs/Adapter/Abstract.php(224): Engine_Vfs_Adapter_System->stat('/var/www/vhosts/bio-views.com/ht...')
#2 /var/www/vhosts/bio-views.com/httpdocs/SE/install/controllers/ManageController.php(752): Engine_Vfs_Adapter_Abstract->info('application/modules/Event/Api')
#3 /var/www/vhosts/bio-views.com/httpdocs/SE/application/libraries/Zend/Controller/Action.php(513): ManageController->permsAction()
#4 /var/www/vhosts/bio-views.com/httpdocs/SE/application/libraries/Zend/Controller/Dispatcher/Standard.php(289): Zend_Controller_Action->dispatch('permsAction')
#5 /var/www/vhosts/bio-views.com/httpdocs/SE/application/libraries/Zend/Controller/Front.php(946): Zend_Controller_Dispatcher_Standard->dispatch(Zend_Controller_Request_Http, Zend_Controller_Response_Http)
#6 /var/www/vhosts/bio-views.com/httpdocs/SE/application/libraries/Zend/Application/Bootstrap/Bootstrap.php(77): Zend_Controller_Front->dispatch()
#7 /var/www/vhosts/bio-views.com/httpdocs/SE/application/libraries/Zend/Application.php(358): Zend_Application_Bootstrap_Bootstrap->run()
#8 /var/www/vhosts/bio-views.com/httpdocs/SE/install/index.php(87): Zend_Application->run()
#9 {main}

2013-09-18T19:07:00+00:00 WARN (4): [2] stat(): stat failed for /var/www/vhosts/bio-views.com/httpdocs/SE/application/modules/Event (/var/www/vhosts/bio-views.com/httpdocs/SE/application/libraries/Engine/Vfs/Adapter/System.php) [77]
Error Code: c68dea
Stack trace:
#0 /var/www/vhosts/bio-views.com/httpdocs/SE/application/libraries/Engine/Vfs/Adapter/System.php(77): stat('/var/www/vhosts/bio-views.com/ht...')
#1 /var/www/vhosts/bio-views.com/httpdocs/SE/application/libraries/Engine/Vfs/Adapter/Abstract.php(224): Engine_Vfs_Adapter_System->stat('/var/www/vhosts/bio-views.com/ht...')
#2 /var/www/vhosts/bio-views.com/httpdocs/SE/install/controllers/ManageController.php(752): Engine_Vfs_Adapter_Abstract->info('application/modules/Event')
#3 /var/www/vhosts/bio-views.com/httpdocs/SE/application/libraries/Zend/Controller/Action.php(513): ManageController->permsAction()
#4 /var/www/vhosts/bio-views.com/httpdocs/SE/application/libraries/Zend/Controller/Dispatcher/Standard.php(289): Zend_Controller_Action->dispatch('permsAction')
#5 /var/www/vhosts/bio-views.com/httpdocs/SE/application/libraries/Zend/Controller/Front.php(946): Zend_Controller_Dispatcher_Standard->dispatch(Zend_Controller_Request_Http, Zend_Controller_Response_Http)
#6 /var/www/vhosts/bio-views.com/httpdocs/SE/application/libraries/Zend/Application/Bootstrap/Bootstrap.php(77): Zend_Controller_Front->dispatch()
#7 /var/www/vhosts/bio-views.com/httpdocs/SE/application/libraries/Zend/Application.php(358): Zend_Application_Bootstrap_Bootstrap->run()
#8 /var/www/vhosts/bio-views.com/httpdocs/SE/install/index.php(87): Zend_Application->run()
#9 {main}

2013-09-18T19:07:00+00:00 WARN (4): [2] stat(): stat failed for /var/www/vhosts/bio-views.com/httpdocs/SE/application/packages/module-event-4.5.0.json (/var/www/vhosts/bio-views.com/httpdocs/SE/application/libraries/Engine/Vfs/Adapter/System.php) [77]
Error Code: 574302
Stack trace:
#0 /var/www/vhosts/bio-views.com/httpdocs/SE/application/libraries/Engine/Vfs/Adapter/System.php(77): stat('/var/www/vhosts/bio-views.com/ht...')
#1 /var/www/vhosts/bio-views.com/httpdocs/SE/application/libraries/Engine/Vfs/Adapter/Abstract.php(224): Engine_Vfs_Adapter_System->stat('/var/www/vhosts/bio-views.com/ht...')
#2 /var/www/vhosts/bio-views.com/httpdocs/SE/install/controllers/ManageController.php(752): Engine_Vfs_Adapter_Abstract->info('application/packages/module-even...')
#3 /var/www/vhosts/bio-views.com/httpdocs/SE/application/libraries/Zend/Controller/Action.php(513): ManageController->permsAction()
#4 /var/www/vhosts/bio-views.com/httpdocs/SE/application/libraries/Zend/Controller/Dispatcher/Standard.php(289): Zend_Controller_Action->dispatch('permsAction')
#5 /var/www/vhosts/bio-views.com/httpdocs/SE/application/libraries/Zend/Controller/Front.php(946): Zend_Controller_Dispatcher_Standard->dispatch(Zend_Controller_Request_Http, Zend_Controller_Response_Http)
#6 /var/www/vhosts/bio-views.com/httpdocs/SE/application/libraries/Zend/Application/Bootstrap/Bootstrap.php(77): Zend_Controller_Front->dispatch()
#7 /var/www/vhosts/bio-views.com/httpdocs/SE/application/libraries/Zend/Application.php(358): Zend_Application_Bootstrap_Bootstrap->run()
#8 /var/www/vhosts/bio-views.com/httpdocs/SE/install/index.php(87): Zend_Application->run()
#9 {main}

2013-09-18T19:07:00+00:00 WARN (4): [2] stat(): stat failed for /var/www/vhosts/bio-views.com/httpdocs/SE/application/languages/en/forum.csv (/var/www/vhosts/bio-views.com/httpdocs/SE/application/libraries/Engine/Vfs/Adapter/System.php) [77]
Error Code: 75128c
Stack trace:
#0 /var/www/vhosts/bio-views.com/httpdocs/SE/application/libraries/Engine/Vfs/Adapter/System.php(77): stat('/var/www/vhosts/bio-views.com/ht...')
#1 /var/www/vhosts/bio-views.com/httpdocs/SE/application/libraries/Engine/Vfs/Adapter/Abstract.php(224): Engine_Vfs_Adapter_System->stat('/var/www/vhosts/bio-views.com/ht...')
#2 /var/www/vhosts/bio-views.com/httpdocs/SE/install/controllers/ManageController.php(752): Engine_Vfs_Adapter_Abstract->info('application/languages/en/forum.c...')
#3 /var/www/vhosts/bio-views.com/httpdocs/SE/application/libraries/Zend/Controller/Action.php(513): ManageController->permsAction()
#4 /var/www/vhosts/bio-views.com/httpdocs/SE/application/libraries/Zend/Controller/Dispatcher/Standard.php(289): Zend_Controller_Action->dispatch('permsAction')
#5 /var/www/vhosts/bio-views.com/httpdocs/SE/application/libraries/Zend/Controller/Front.php(946): Zend_Controller_Dispatcher_Standard->dispatch(Zend_Controller_Request_Http, Zend_Controller_Response_Http)
#6 /var/www/vhosts/bio-views.com/httpdocs/SE/application/libraries/Zend/Application/Bootstrap/Bootstrap.php(77): Zend_Controller_Front->dispatch()
#7 /var/www/vhosts/bio-views.com/httpdocs/SE/application/libraries/Zend/Application.php(358): Zend_Application_Bootstrap_Bootstrap->run()
#8 /var/www/vhosts/bio-views.com/httpdocs/SE/install/index.php(87): Zend_Application->run()
#9 {main}

2013-09-18T19:07:00+00:00 WARN (4): [2] stat(): stat failed for /var/www/vhosts/bio-views.com/httpdocs/SE/application/modules/Forum/Api/Core.php (/var/www/vhosts/bio-views.com/httpdocs/SE/application/libraries/Engine/Vfs/Adapter/System.php) [77]
Error Code: e57e69
Stack trace:
#0 /var/www/vhosts/bio-views.com/httpdocs/SE/application/libraries/Engine/Vfs/Adapter/System.php(77): stat('/var/www/vhosts/bio-views.com/ht...')
#1 /var/www/vhosts/bio-views.com/httpdocs/SE/application/libraries/Engine/Vfs/Adapter/Abstract.php(224): Engine_Vfs_Adapter_System->stat('/var/www/vhosts/bio-views.com/ht...')
#2 /var/www/vhosts/bio-views.com/httpdocs/SE/install/controllers/ManageController.php(752): Engine_Vfs_Adapter_Abstract->info('application/modules/Forum/Api/Co...')
#3 /var/www/vhosts/bio-views.com/httpdocs/SE/application/libraries/Zend/Controller/Action.php(513): ManageController->permsAction()
#4 /var/www/vhosts/bio-views.com/httpdocs/SE/application/libraries/Zend/Controller/Dispatcher/Standard.php(289): Zend_Controller_Action->dispatch('permsAction')
#5 /var/www/vhosts/bio-views.com/httpdocs/SE/application/libraries/Zend/Controller/Front.php(946): Zend_Controller_Dispatcher_Standard->dispatch(Zend_Controller_Request_Http, Zend_Controller_Response_Http)
#6 /var/www/vhosts/bio-views.com/httpdocs/SE/application/libraries/Zend/Application/Bootstrap/Bootstrap.php(77): Zend_Controller_Front->dispatch()
#7 /var/www/vhosts/bio-views.com/httpdocs/SE/application/libraries/Zend/Application.php(358): Zend_Application_Bootstrap_Bootstrap->run()
#8 /var/www/vhosts/bio-views.com/httpdocs/SE/install/index.php(87): Zend_Application->run()
#9 {main}

2013-09-18T19:07:00+00:00 WARN (4): [2] stat(): stat failed for /var/www/vhosts/bio-views.com/httpdocs/SE/application/modules/Forum/Api (/var/www/vhosts/bio-views.com/httpdocs/SE/application/libraries/Engine/Vfs/Adapter/System.php) [77]
Error Code: 4f6a2c
Stack trace:
#0 /var/www/vhosts/bio-views.com/httpdocs/SE/application/libraries/Engine/Vfs/Adapter/System.php(77): stat('/var/www/vhosts/bio-views.com/ht...')
#1 /var/www/vhosts/bio-views.com/httpdocs/SE/application/libraries/Engine/Vfs/Adapter/Abstract.php(224): Engine_Vfs_Adapter_System->stat('/var/www/vhosts/bio-views.com/ht...')
#2 /var/www/vhosts/bio-views.com/httpdocs/SE/install/controllers/ManageController.php(752): Engine_Vfs_Adapter_Abstract->info('application/modules/Forum/Api')
#3 /var/www/vhosts/bio-views.com/httpdocs/SE/application/libraries/Zend/Controller/Action.php(513): ManageController->permsAction()
#4 /var/www/vhosts/bio-views.com/httpdocs/SE/application/libraries/Zend/Controller/Dispatcher/Standard.php(289): Zend_Controller_Action->dispatch('permsAction')
#5 /var/www/vhosts/bio-views.com/httpdocs/SE/application/libraries/Zend/Controller/Front.php(946): Zend_Controller_Dispatcher_Standard->dispatch(Zend_Controller_Request_Http, Zend_Controller_Response_Http)
#6 /var/www/vhosts/bio-views.com/httpdocs/SE/application/libraries/Zend/Application/Bootstrap/Bootstrap.php(77): Zend_Controller_Front->dispatch()
#7 /var/www/vhosts/bio-views.com/httpdocs/SE/application/libraries/Zend/Application.php(358): Zend_Application_Bootstrap_Bootstrap->run()
#8 /var/www/vhosts/bio-views.com/httpdocs/SE/install/index.php(87): Zend_Application->run()
#9 {main}

2013-09-18T19:07:00+00:00 WARN (4): [2] stat(): stat failed for /var/www/vhosts/bio-views.com/httpdocs/SE/application/modules/Forum (/var/www/vhosts/bio-views.com/httpdocs/SE/application/libraries/Engine/Vfs/Adapter/System.php) [77]
Error Code: acbfac
Stack trace:
#0 /var/www/vhosts/bio-views.com/httpdocs/SE/application/libraries/Engine/Vfs/Adapter/System.php(77): stat('/var/www/vhosts/bio-views.com/ht...')
#1 /var/www/vhosts/bio-views.com/httpdocs/SE/application/libraries/Engine/Vfs/Adapter/Abstract.php(224): Engine_Vfs_Adapter_System->stat('/var/www/vhosts/bio-views.com/ht...')
#2 /var/www/vhosts/bio-views.com/httpdocs/SE/install/controllers/ManageController.php(752): Engine_Vfs_Adapter_Abstract->info('application/modules/Forum')
#3 /var/www/vhosts/bio-views.com/httpdocs/SE/application/libraries/Zend/Controller/Action.php(513): ManageController->permsAction()
#4 /var/www/vhosts/bio-views.com/httpdocs/SE/application/libraries/Zend/Controller/Dispatcher/Standard.php(289): Zend_Controller_Action->dispatch('permsAction')
#5 /var/www/vhosts/bio-views.com/httpdocs/SE/application/libraries/Zend/Controller/Front.php(946): Zend_Controller_Dispatcher_Standard->dispatch(Zend_Controller_Request_Http, Zend_Controller_Response_Http)
#6 /var/www/vhosts/bio-views.com/httpdocs/SE/application/libraries/Zend/Application/Bootstrap/Bootstrap.php(77): Zend_Controller_Front->dispatch()
#7 /var/www/vhosts/bio-views.com/httpdocs/SE/application/libraries/Zend/Application.php(358): Zend_Application_Bootstrap_Bootstrap->run()
#8 /var/www/vhosts/bio-views.com/httpdocs/SE/install/index.php(87): Zend_Application->run()
#9 {main}

2013-09-18T19:07:00+00:00 WARN (4): [2] stat(): stat failed for /var/www/vhosts/bio-views.com/httpdocs/SE/application/packages/module-forum-4.6.0.json (/var/www/vhosts/bio-views.com/httpdocs/SE/application/libraries/Engine/Vfs/Adapter/System.php) [77]
Error Code: 8231f4
Stack trace:
#0 /var/www/vhosts/bio-views.com/httpdocs/SE/application/libraries/Engine/Vfs/Adapter/System.php(77): stat('/var/www/vhosts/bio-views.com/ht...')
#1 /var/www/vhosts/bio-views.com/httpdocs/SE/application/libraries/Engine/Vfs/Adapter/Abstract.php(224): Engine_Vfs_Adapter_System->stat('/var/www/vhosts/bio-views.com/ht...')
#2 /var/www/vhosts/bio-views.com/httpdocs/SE/install/controllers/ManageController.php(752): Engine_Vfs_Adapter_Abstract->info('application/packages/module-foru...')
#3 /var/www/vhosts/bio-views.com/httpdocs/SE/application/libraries/Zend/Controller/Action.php(513): ManageController->permsAction()
#4 /var/www/vhosts/bio-views.com/httpdocs/SE/application/libraries/Zend/Controller/Dispatcher/Standard.php(289): Zend_Controller_Action->dispatch('permsAction')
#5 /var/www/vhosts/bio-views.com/httpdocs/SE/application/libraries/Zend/Controller/Front.php(946): Zend_Controller_Dispatcher_Standard->dispatch(Zend_Controller_Request_Http, Zend_Controller_Response_Http)
#6 /var/www/vhosts/bio-views.com/httpdocs/SE/application/libraries/Zend/Application/Bootstrap/Bootstrap.php(77): Zend_Controller_Front->dispatch()
#7 /var/www/vhosts/bio-views.com/httpdocs/SE/application/libraries/Zend/Application.php(358): Zend_Application_Bootstrap_Bootstrap->run()
#8 /var/www/vhosts/bio-views.com/httpdocs/SE/install/index.php(87): Zend_Application->run()
#9 {main}

2013-09-18T19:07:00+00:00 WARN (4): [2] stat(): stat failed for /var/www/vhosts/bio-views.com/httpdocs/SE/application/languages/en/group.csv (/var/www/vhosts/bio-views.com/httpdocs/SE/application/libraries/Engine/Vfs/Adapter/System.php) [77]
Error Code: 5c72a7
Stack trace:
#0 /var/www/vhosts/bio-views.com/httpdocs/SE/application/libraries/Engine/Vfs/Adapter/System.php(77): stat('/var/www/vhosts/bio-views.com/ht...')
#1 /var/www/vhosts/bio-views.com/httpdocs/SE/application/libraries/Engine/Vfs/Adapter/Abstract.php(224): Engine_Vfs_Adapter_System->stat('/var/www/vhosts/bio-views.com/ht...')
#2 /var/www/vhosts/bio-views.com/httpdocs/SE/install/controllers/ManageController.php(752): Engine_Vfs_Adapter_Abstract->info('application/languages/en/group.c...')
#3 /var/www/vhosts/bio-views.com/httpdocs/SE/application/libraries/Zend/Controller/Action.php(513): ManageController->permsAction()
#4 /var/www/vhosts/bio-views.com/httpdocs/SE/application/libraries/Zend/Controller/Dispatcher/Standard.php(289): Zend_Controller_Action->dispatch('permsAction')
#5 /var/www/vhosts/bio-views.com/httpdocs/SE/application/libraries/Zend/Controller/Front.php(946): Zend_Controller_Dispatcher_Standard->dispatch(Zend_Controller_Request_Http, Zend_Controller_Response_Http)
#6 /var/www/vhosts/bio-views.com/httpdocs/SE/application/libraries/Zend/Application/Bootstrap/Bootstrap.php(77): Zend_Controller_Front->dispatch()
#7 /var/www/vhosts/bio-views.com/httpdocs/SE/application/libraries/Zend/Application.php(358): Zend_Application_Bootstrap_Bootstrap->run()
#8 /var/www/vhosts/bio-views.com/httpdocs/SE/install/index.php(87): Zend_Application->run()
#9 {main}

2013-09-18T19:07:00+00:00 WARN (4): [2] stat(): stat failed for /var/www/vhosts/bio-views.com/httpdocs/SE/application/modules/Group/Api/Core.php (/var/www/vhosts/bio-views.com/httpdocs/SE/application/libraries/Engine/Vfs/Adapter/System.php) [77]
Error Code: 7e2d59
Stack trace:
#0 /var/www/vhosts/bio-views.com/httpdocs/SE/application/libraries/Engine/Vfs/Adapter/System.php(77): stat('/var/www/vhosts/bio-views.com/ht...')
#1 /var/www/vhosts/bio-views.com/httpdocs/SE/application/libraries/Engine/Vfs/Adapter/Abstract.php(224): Engine_Vfs_Adapter_System->stat('/var/www/vhosts/bio-views.com/ht...')
#2 /var/www/vhosts/bio-views.com/httpdocs/SE/install/controllers/ManageController.php(752): Engine_Vfs_Adapter_Abstract->info('application/modules/Group/Api/Co...')
#3 /var/www/vhosts/bio-views.com/httpdocs/SE/application/libraries/Zend/Controller/Action.php(513): ManageController->permsAction()
#4 /var/www/vhosts/bio-views.com/httpdocs/SE/application/libraries/Zend/Controller/Dispatcher/Standard.php(289): Zend_Controller_Action->dispatch('permsAction')
#5 /var/www/vhosts/bio-views.com/httpdocs/SE/application/libraries/Zend/Controller/Front.php(946): Zend_Controller_Dispatcher_Standard->dispatch(Zend_Controller_Request_Http, Zend_Controller_Response_Http)
#6 /var/www/vhosts/bio-views.com/httpdocs/SE/application/libraries/Zend/Application/Bootstrap/Bootstrap.php(77): Zend_Controller_Front->dispatch()
#7 /var/www/vhosts/bio-views.com/httpdocs/SE/application/libraries/Zend/Application.php(358): Zend_Application_Bootstrap_Bootstrap->run()
#8 /var/www/vhosts/bio-views.com/httpdocs/SE/install/index.php(87): Zend_Application->run()
#9 {main}

2013-09-18T19:07:00+00:00 WARN (4): [2] stat(): stat failed for /var/www/vhosts/bio-views.com/httpdocs/SE/application/modules/Group/Api (/var/www/vhosts/bio-views.com/httpdocs/SE/application/libraries/Engine/Vfs/Adapter/System.php) [77]
Error Code: 0623bc
Stack trace:
#0 /var/www/vhosts/bio-views.com/httpdocs/SE/application/libraries/Engine/Vfs/Adapter/System.php(77): stat('/var/www/vhosts/bio-views.com/ht...')
#1 /var/www/vhosts/bio-views.com/httpdocs/SE/application/libraries/Engine/Vfs/Adapter/Abstract.php(224): Engine_Vfs_Adapter_System->stat('/var/www/vhosts/bio-views.com/ht...')
#2 /var/www/vhosts/bio-views.com/httpdocs/SE/install/controllers/ManageController.php(752): Engine_Vfs_Adapter_Abstract->info('application/modules/Group/Api')
#3 /var/www/vhosts/bio-views.com/httpdocs/SE/application/libraries/Zend/Controller/Action.php(513): ManageController->permsAction()
#4 /var/www/vhosts/bio-views.com/httpdocs/SE/application/libraries/Zend/Controller/Dispatcher/Standard.php(289): Zend_Controller_Action->dispatch('permsAction')
#5 /var/www/vhosts/bio-views.com/httpdocs/SE/application/libraries/Zend/Controller/Front.php(946): Zend_Controller_Dispatcher_Standard->dispatch(Zend_Controller_Request_Http, Zend_Controller_Response_Http)
#6 /var/www/vhosts/bio-views.com/httpdocs/SE/application/libraries/Zend/Application/Bootstrap/Bootstrap.php(77): Zend_Controller_Front->dispatch()
#7 /var/www/vhosts/bio-views.com/httpdocs/SE/application/libraries/Zend/Application.php(358): Zend_Application_Bootstrap_Bootstrap->run()
#8 /var/www/vhosts/bio-views.com/httpdocs/SE/install/index.php(87): Zend_Application->run()
#9 {main}

2013-09-18T19:07:00+00:00 WARN (4): [2] stat(): stat failed for /var/www/vhosts/bio-views.com/httpdocs/SE/application/modules/Group (/var/www/vhosts/bio-views.com/httpdocs/SE/application/libraries/Engine/Vfs/Adapter/System.php) [77]
Error Code: 7ddc7f
Stack trace:
#0 /var/www/vhosts/bio-views.com/httpdocs/SE/application/libraries/Engine/Vfs/Adapter/System.php(77): stat('/var/www/vhosts/bio-views.com/ht...')
#1 /var/www/vhosts/bio-views.com/httpdocs/SE/application/libraries/Engine/Vfs/Adapter/Abstract.php(224): Engine_Vfs_Adapter_System->stat('/var/www/vhosts/bio-views.com/ht...')
#2 /var/www/vhosts/bio-views.com/httpdocs/SE/install/controllers/ManageController.php(752): Engine_Vfs_Adapter_Abstract->info('application/modules/Group')
#3 /var/www/vhosts/bio-views.com/httpdocs/SE/application/libraries/Zend/Controller/Action.php(513): ManageController->permsAction()
#4 /var/www/vhosts/bio-views.com/httpdocs/SE/application/libraries/Zend/Controller/Dispatcher/Standard.php(289): Zend_Controller_Action->dispatch('permsAction')
#5 /var/www/vhosts/bio-views.com/httpdocs/SE/application/libraries/Zend/Controller/Front.php(946): Zend_Controller_Dispatcher_Standard->dispatch(Zend_Controller_Request_Http, Zend_Controller_Response_Http)
#6 /var/www/vhosts/bio-views.com/httpdocs/SE/application/libraries/Zend/Application/Bootstrap/Bootstrap.php(77): Zend_Controller_Front->dispatch()
#7 /var/www/vhosts/bio-views.com/httpdocs/SE/application/libraries/Zend/Application.php(358): Zend_Application_Bootstrap_Bootstrap->run()
#8 /var/www/vhosts/bio-views.com/httpdocs/SE/install/index.php(87): Zend_Application->run()
#9 {main}

2013-09-18T19:07:00+00:00 WARN (4): [2] stat(): stat failed for /var/www/vhosts/bio-views.com/httpdocs/SE/application/packages/module-group-4.6.0.json (/var/www/vhosts/bio-views.com/httpdocs/SE/application/libraries/Engine/Vfs/Adapter/System.php) [77]
Error Code: 8dab07
Stack trace:
#0 /var/www/vhosts/bio-views.com/httpdocs/SE/application/libraries/Engine/Vfs/Adapter/System.php(77): stat('/var/www/vhosts/bio-views.com/ht...')
#1 /var/www/vhosts/bio-views.com/httpdocs/SE/application/libraries/Engine/Vfs/Adapter/Abstract.php(224): Engine_Vfs_Adapter_System->stat('/var/www/vhosts/bio-views.com/ht...')
#2 /var/www/vhosts/bio-views.com/httpdocs/SE/install/controllers/ManageController.php(752): Engine_Vfs_Adapter_Abstract->info('application/packages/module-grou...')
#3 /var/www/vhosts/bio-views.com/httpdocs/SE/application/libraries/Zend/Controller/Action.php(513): ManageController->permsAction()
#4 /var/www/vhosts/bio-views.com/httpdocs/SE/application/libraries/Zend/Controller/Dispatcher/Standard.php(289): Zend_Controller_Action->dispatch('permsAction')
#5 /var/www/vhosts/bio-views.com/httpdocs/SE/application/libraries/Zend/Controller/Front.php(946): Zend_Controller_Dispatcher_Standard->dispatch(Zend_Controller_Request_Http, Zend_Controller_Response_Http)
#6 /var/www/vhosts/bio-views.com/httpdocs/SE/application/libraries/Zend/Application/Bootstrap/Bootstrap.php(77): Zend_Controller_Front->dispatch()
#7 /var/www/vhosts/bio-views.com/httpdocs/SE/application/libraries/Zend/Application.php(358): Zend_Application_Bootstrap_Bootstrap->run()
#8 /var/www/vhosts/bio-views.com/httpdocs/SE/install/index.php(87): Zend_Application->run()
#9 {main}

2013-09-18T19:07:00+00:00 WARN (4): [2] stat(): stat failed for /var/www/vhosts/bio-views.com/httpdocs/SE/application/languages/en/mobi.csv (/var/www/vhosts/bio-views.com/httpdocs/SE/application/libraries/Engine/Vfs/Adapter/System.php) [77]
Error Code: a4551f
Stack trace:
#0 /var/www/vhosts/bio-views.com/httpdocs/SE/application/libraries/Engine/Vfs/Adapter/System.php(77): stat('/var/www/vhosts/bio-views.com/ht...')
#1 /var/www/vhosts/bio-views.com/httpdocs/SE/application/libraries/Engine/Vfs/Adapter/Abstract.php(224): Engine_Vfs_Adapter_System->stat('/var/www/vhosts/bio-views.com/ht...')
#2 /var/www/vhosts/bio-views.com/httpdocs/SE/install/controllers/ManageController.php(752): Engine_Vfs_Adapter_Abstract->info('application/languages/en/mobi.cs...')
#3 /var/www/vhosts/bio-views.com/httpdocs/SE/application/libraries/Zend/Controller/Action.php(513): ManageController->permsAction()
#4 /var/www/vhosts/bio-views.com/httpdocs/SE/application/libraries/Zend/Controller/Dispatcher/Standard.php(289): Zend_Controller_Action->dispatch('permsAction')
#5 /var/www/vhosts/bio-views.com/httpdocs/SE/application/libraries/Zend/Controller/Front.php(946): Zend_Controller_Dispatcher_Standard->dispatch(Zend_Controller_Request_Http, Zend_Controller_Response_Http)
#6 /var/www/vhosts/bio-views.com/httpdocs/SE/application/libraries/Zend/Application/Bootstrap/Bootstrap.php(77): Zend_Controller_Front->dispatch()
#7 /var/www/vhosts/bio-views.com/httpdocs/SE/application/libraries/Zend/Application.php(358): Zend_Application_Bootstrap_Bootstrap->run()
#8 /var/www/vhosts/bio-views.com/httpdocs/SE/install/index.php(87): Zend_Application->run()
#9 {main}

2013-09-18T19:07:00+00:00 WARN (4): [2] stat(): stat failed for /var/www/vhosts/bio-views.com/httpdocs/SE/application/modules/Mobi/Api/Core.php (/var/www/vhosts/bio-views.com/httpdocs/SE/application/libraries/Engine/Vfs/Adapter/System.php) [77]
Error Code: 568968
Stack trace:
#0 /var/www/vhosts/bio-views.com/httpdocs/SE/application/libraries/Engine/Vfs/Adapter/System.php(77): stat('/var/www/vhosts/bio-views.com/ht...')
#1 /var/www/vhosts/bio-views.com/httpdocs/SE/application/libraries/Engine/Vfs/Adapter/Abstract.php(224): Engine_Vfs_Adapter_System->stat('/var/www/vhosts/bio-views.com/ht...')
#2 /var/www/vhosts/bio-views.com/httpdocs/SE/install/controllers/ManageController.php(752): Engine_Vfs_Adapter_Abstract->info('application/modules/Mobi/Api/Cor...')
#3 /var/www/vhosts/bio-views.com/httpdocs/SE/application/libraries/Zend/Controller/Action.php(513): ManageController->permsAction()
#4 /var/www/vhosts/bio-views.com/httpdocs/SE/application/libraries/Zend/Controller/Dispatcher/Standard.php(289): Zend_Controller_Action->dispatch('permsAction')
#5 /var/www/vhosts/bio-views.com/httpdocs/SE/application/libraries/Zend/Controller/Front.php(946): Zend_Controller_Dispatcher_Standard->dispatch(Zend_Controller_Request_Http, Zend_Controller_Response_Http)
#6 /var/www/vhosts/bio-views.com/httpdocs/SE/application/libraries/Zend/Application/Bootstrap/Bootstrap.php(77): Zend_Controller_Front->dispatch()
#7 /var/www/vhosts/bio-views.com/httpdocs/SE/application/libraries/Zend/Application.php(358): Zend_Application_Bootstrap_Bootstrap->run()
#8 /var/www/vhosts/bio-views.com/httpdocs/SE/install/index.php(87): Zend_Application->run()
#9 {main}

2013-09-18T19:07:00+00:00 WARN (4): [2] stat(): stat failed for /var/www/vhosts/bio-views.com/httpdocs/SE/application/modules/Mobi/Api (/var/www/vhosts/bio-views.com/httpdocs/SE/application/libraries/Engine/Vfs/Adapter/System.php) [77]
Error Code: f7e9ea
Stack trace:
#0 /var/www/vhosts/bio-views.com/httpdocs/SE/application/libraries/Engine/Vfs/Adapter/System.php(77): stat('/var/www/vhosts/bio-views.com/ht...')
#1 /var/www/vhosts/bio-views.com/httpdocs/SE/application/libraries/Engine/Vfs/Adapter/Abstract.php(224): Engine_Vfs_Adapter_System->stat('/var/www/vhosts/bio-views.com/ht...')
#2 /var/www/vhosts/bio-views.com/httpdocs/SE/install/controllers/ManageController.php(752): Engine_Vfs_Adapter_Abstract->info('application/modules/Mobi/Api')
#3 /var/www/vhosts/bio-views.com/httpdocs/SE/application/libraries/Zend/Controller/Action.php(513): ManageController->permsAction()
#4 /var/www/vhosts/bio-views.com/httpdocs/SE/application/libraries/Zend/Controller/Dispatcher/Standard.php(289): Zend_Controller_Action->dispatch('permsAction')
#5 /var/www/vhosts/bio-views.com/httpdocs/SE/application/libraries/Zend/Controller/Front.php(946): Zend_Controller_Dispatcher_Standard->dispatch(Zend_Controller_Request_Http, Zend_Controller_Response_Http)
#6 /var/www/vhosts/bio-views.com/httpdocs/SE/application/libraries/Zend/Application/Bootstrap/Bootstrap.php(77): Zend_Controller_Front->dispatch()
#7 /var/www/vhosts/bio-views.com/httpdocs/SE/application/libraries/Zend/Application.php(358): Zend_Application_Bootstrap_Bootstrap->run()
#8 /var/www/vhosts/bio-views.com/httpdocs/SE/install/index.php(87): Zend_Application->run()
#9 {main}

2013-09-18T19:07:00+00:00 WARN (4): [2] stat(): stat failed for /var/www/vhosts/bio-views.com/httpdocs/SE/application/modules/Mobi (/var/www/vhosts/bio-views.com/httpdocs/SE/application/libraries/Engine/Vfs/Adapter/System.php) [77]
Error Code: 3c3562
Stack trace:
#0 /var/www/vhosts/bio-views.com/httpdocs/SE/application/libraries/Engine/Vfs/Adapter/System.php(77): stat('/var/www/vhosts/bio-views.com/ht...')
#1 /var/www/vhosts/bio-views.com/httpdocs/SE/application/libraries/Engine/Vfs/Adapter/Abstract.php(224): Engine_Vfs_Adapter_System->stat('/var/www/vhosts/bio-views.com/ht...')
#2 /var/www/vhosts/bio-views.com/httpdocs/SE/install/controllers/ManageController.php(752): Engine_Vfs_Adapter_Abstract->info('application/modules/Mobi')
#3 /var/www/vhosts/bio-views.com/httpdocs/SE/application/libraries/Zend/Controller/Action.php(513): ManageController->permsAction()
#4 /var/www/vhosts/bio-views.com/httpdocs/SE/application/libraries/Zend/Controller/Dispatcher/Standard.php(289): Zend_Controller_Action->dispatch('permsAction')
#5 /var/www/vhosts/bio-views.com/httpdocs/SE/application/libraries/Zend/Controller/Front.php(946): Zend_Controller_Dispatcher_Standard->dispatch(Zend_Controller_Request_Http, Zend_Controller_Response_Http)
#6 /var/www/vhosts/bio-views.com/httpdocs/SE/application/libraries/Zend/Application/Bootstrap/Bootstrap.php(77): Zend_Controller_Front->dispatch()
#7 /var/www/vhosts/bio-views.com/httpdocs/SE/application/libraries/Zend/Application.php(358): Zend_Application_Bootstrap_Bootstrap->run()
#8 /var/www/vhosts/bio-views.com/httpdocs/SE/install/index.php(87): Zend_Application->run()
#9 {main}

2013-09-18T19:07:00+00:00 WARN (4): [2] stat(): stat failed for /var/www/vhosts/bio-views.com/httpdocs/SE/application/packages/module-mobi-4.5.0.json (/var/www/vhosts/bio-views.com/httpdocs/SE/application/libraries/Engine/Vfs/Adapter/System.php) [77]
Error Code: 77c812
Stack trace:
#0 /var/www/vhosts/bio-views.com/httpdocs/SE/application/libraries/Engine/Vfs/Adapter/System.php(77): stat('/var/www/vhosts/bio-views.com/ht...')
#1 /var/www/vhosts/bio-views.com/httpdocs/SE/application/libraries/Engine/Vfs/Adapter/Abstract.php(224): Engine_Vfs_Adapter_System->stat('/var/www/vhosts/bio-views.com/ht...')
#2 /var/www/vhosts/bio-views.com/httpdocs/SE/install/controllers/ManageController.php(752): Engine_Vfs_Adapter_Abstract->info('application/packages/module-mobi...')
#3 /var/www/vhosts/bio-views.com/httpdocs/SE/application/libraries/Zend/Controller/Action.php(513): ManageController->permsAction()
#4 /var/www/vhosts/bio-views.com/httpdocs/SE/application/libraries/Zend/Controller/Dispatcher/Standard.php(289): Zend_Controller_Action->dispatch('permsAction')
#5 /var/www/vhosts/bio-views.com/httpdocs/SE/application/libraries/Zend/Controller/Front.php(946): Zend_Controller_Dispatcher_Standard->dispatch(Zend_Controller_Request_Http, Zend_Controller_Response_Http)
#6 /var/www/vhosts/bio-views.com/httpdocs/SE/application/libraries/Zend/Application/Bootstrap/Bootstrap.php(77): Zend_Controller_Front->dispatch()
#7 /var/www/vhosts/bio-views.com/httpdocs/SE/application/libraries/Zend/Application.php(358): Zend_Application_Bootstrap_Bootstrap->run()
#8 /var/www/vhosts/bio-views.com/httpdocs/SE/install/index.php(87): Zend_Application->run()
#9 {main}

2013-09-18T19:07:00+00:00 WARN (4): [2] stat(): stat failed for /var/www/vhosts/bio-views.com/httpdocs/SE/application/languages/en/music.csv (/var/www/vhosts/bio-views.com/httpdocs/SE/application/libraries/Engine/Vfs/Adapter/System.php) [77]
Error Code: 87477f
Stack trace:
#0 /var/www/vhosts/bio-views.com/httpdocs/SE/application/libraries/Engine/Vfs/Adapter/System.php(77): stat('/var/www/vhosts/bio-views.com/ht...')
#1 /var/www/vhosts/bio-views.com/httpdocs/SE/application/libraries/Engine/Vfs/Adapter/Abstract.php(224): Engine_Vfs_Adapter_System->stat('/var/www/vhosts/bio-views.com/ht...')
#2 /var/www/vhosts/bio-views.com/httpdocs/SE/install/controllers/ManageController.php(752): Engine_Vfs_Adapter_Abstract->info('application/languages/en/music.c...')
#3 /var/www/vhosts/bio-views.com/httpdocs/SE/application/libraries/Zend/Controller/Action.php(513): ManageController->permsAction()
#4 /var/www/vhosts/bio-views.com/httpdocs/SE/application/libraries/Zend/Controller/Dispatcher/Standard.php(289): Zend_Controller_Action->dispatch('permsAction')
#5 /var/www/vhosts/bio-views.com/httpdocs/SE/application/libraries/Zend/Controller/Front.php(946): Zend_Controller_Dispatcher_Standard->dispatch(Zend_Controller_Request_Http, Zend_Controller_Response_Http)
#6 /var/www/vhosts/bio-views.com/httpdocs/SE/application/libraries/Zend/Application/Bootstrap/Bootstrap.php(77): Zend_Controller_Front->dispatch()
#7 /var/www/vhosts/bio-views.com/httpdocs/SE/application/libraries/Zend/Application.php(358): Zend_Application_Bootstrap_Bootstrap->run()
#8 /var/www/vhosts/bio-views.com/httpdocs/SE/install/index.php(87): Zend_Application->run()
#9 {main}

2013-09-18T19:07:01+00:00 WARN (4): [2] stat(): stat failed for /var/www/vhosts/bio-views.com/httpdocs/SE/application/modules/Music/Api/Core.php (/var/www/vhosts/bio-views.com/httpdocs/SE/application/libraries/Engine/Vfs/Adapter/System.php) [77]
Error Code: 4fca0c
Stack trace:
#0 /var/www/vhosts/bio-views.com/httpdocs/SE/application/libraries/Engine/Vfs/Adapter/System.php(77): stat('/var/www/vhosts/bio-views.com/ht...')
#1 /var/www/vhosts/bio-views.com/httpdocs/SE/application/libraries/Engine/Vfs/Adapter/Abstract.php(224): Engine_Vfs_Adapter_System->stat('/var/www/vhosts/bio-views.com/ht...')
#2 /var/www/vhosts/bio-views.com/httpdocs/SE/install/controllers/ManageController.php(752): Engine_Vfs_Adapter_Abstract->info('application/modules/Music/Api/Co...')
#3 /var/www/vhosts/bio-views.com/httpdocs/SE/application/libraries/Zend/Controller/Action.php(513): ManageController->permsAction()
#4 /var/www/vhosts/bio-views.com/httpdocs/SE/application/libraries/Zend/Controller/Dispatcher/Standard.php(289): Zend_Controller_Action->dispatch('permsAction')
#5 /var/www/vhosts/bio-views.com/httpdocs/SE/application/libraries/Zend/Controller/Front.php(946): Zend_Controller_Dispatcher_Standard->dispatch(Zend_Controller_Request_Http, Zend_Controller_Response_Http)
#6 /var/www/vhosts/bio-views.com/httpdocs/SE/application/libraries/Zend/Application/Bootstrap/Bootstrap.php(77): Zend_Controller_Front->dispatch()
#7 /var/www/vhosts/bio-views.com/httpdocs/SE/application/libraries/Zend/Application.php(358): Zend_Application_Bootstrap_Bootstrap->run()
#8 /var/www/vhosts/bio-views.com/httpdocs/SE/install/index.php(87): Zend_Application->run()
#9 {main}

2013-09-18T19:07:01+00:00 WARN (4): [2] stat(): stat failed for /var/www/vhosts/bio-views.com/httpdocs/SE/application/modules/Music/Api (/var/www/vhosts/bio-views.com/httpdocs/SE/application/libraries/Engine/Vfs/Adapter/System.php) [77]
Error Code: 766b5e
Stack trace:
#0 /var/www/vhosts/bio-views.com/httpdocs/SE/application/libraries/Engine/Vfs/Adapter/System.php(77): stat('/var/www/vhosts/bio-views.com/ht...')
#1 /var/www/vhosts/bio-views.com/httpdocs/SE/application/libraries/Engine/Vfs/Adapter/Abstract.php(224): Engine_Vfs_Adapter_System->stat('/var/www/vhosts/bio-views.com/ht...')
#2 /var/www/vhosts/bio-views.com/httpdocs/SE/install/controllers/ManageController.php(752): Engine_Vfs_Adapter_Abstract->info('application/modules/Music/Api')
#3 /var/www/vhosts/bio-views.com/httpdocs/SE/application/libraries/Zend/Controller/Action.php(513): ManageController->permsAction()
#4 /var/www/vhosts/bio-views.com/httpdocs/SE/application/libraries/Zend/Controller/Dispatcher/Standard.php(289): Zend_Controller_Action->dispatch('permsAction')
#5 /var/www/vhosts/bio-views.com/httpdocs/SE/application/libraries/Zend/Controller/Front.php(946): Zend_Controller_Dispatcher_Standard->dispatch(Zend_Controller_Request_Http, Zend_Controller_Response_Http)
#6 /var/www/vhosts/bio-views.com/httpdocs/SE/application/libraries/Zend/Application/Bootstrap/Bootstrap.php(77): Zend_Controller_Front->dispatch()
#7 /var/www/vhosts/bio-views.com/httpdocs/SE/application/libraries/Zend/Application.php(358): Zend_Application_Bootstrap_Bootstrap->run()
#8 /var/www/vhosts/bio-views.com/httpdocs/SE/install/index.php(87): Zend_Application->run()
#9 {main}

2013-09-18T19:07:01+00:00 WARN (4): [2] stat(): stat failed for /var/www/vhosts/bio-views.com/httpdocs/SE/application/modules/Music (/var/www/vhosts/bio-views.com/httpdocs/SE/application/libraries/Engine/Vfs/Adapter/System.php) [77]
Error Code: 070d83
Stack trace:
#0 /var/www/vhosts/bio-views.com/httpdocs/SE/application/libraries/Engine/Vfs/Adapter/System.php(77): stat('/var/www/vhosts/bio-views.com/ht...')
#1 /var/www/vhosts/bio-views.com/httpdocs/SE/application/libraries/Engine/Vfs/Adapter/Abstract.php(224): Engine_Vfs_Adapter_System->stat('/var/www/vhosts/bio-views.com/ht...')
#2 /var/www/vhosts/bio-views.com/httpdocs/SE/install/controllers/ManageController.php(752): Engine_Vfs_Adapter_Abstract->info('application/modules/Music')
#3 /var/www/vhosts/bio-views.com/httpdocs/SE/application/libraries/Zend/Controller/Action.php(513): ManageController->permsAction()
#4 /var/www/vhosts/bio-views.com/httpdocs/SE/application/libraries/Zend/Controller/Dispatcher/Standard.php(289): Zend_Controller_Action->dispatch('permsAction')
#5 /var/www/vhosts/bio-views.com/httpdocs/SE/application/libraries/Zend/Controller/Front.php(946): Zend_Controller_Dispatcher_Standard->dispatch(Zend_Controller_Request_Http, Zend_Controller_Response_Http)
#6 /var/www/vhosts/bio-views.com/httpdocs/SE/application/libraries/Zend/Application/Bootstrap/Bootstrap.php(77): Zend_Controller_Front->dispatch()
#7 /var/www/vhosts/bio-views.com/httpdocs/SE/application/libraries/Zend/Application.php(358): Zend_Application_Bootstrap_Bootstrap->run()
#8 /var/www/vhosts/bio-views.com/httpdocs/SE/install/index.php(87): Zend_Application->run()
#9 {main}

2013-09-18T19:07:01+00:00 WARN (4): [2] stat(): stat failed for /var/www/vhosts/bio-views.com/httpdocs/SE/application/packages/module-music-4.5.0.json (/var/www/vhosts/bio-views.com/httpdocs/SE/application/libraries/Engine/Vfs/Adapter/System.php) [77]
Error Code: edd2c6
Stack trace:
#0 /var/www/vhosts/bio-views.com/httpdocs/SE/application/libraries/Engine/Vfs/Adapter/System.php(77): stat('/var/www/vhosts/bio-views.com/ht...')
#1 /var/www/vhosts/bio-views.com/httpdocs/SE/application/libraries/Engine/Vfs/Adapter/Abstract.php(224): Engine_Vfs_Adapter_System->stat('/var/www/vhosts/bio-views.com/ht...')
#2 /var/www/vhosts/bio-views.com/httpdocs/SE/install/controllers/ManageController.php(752): Engine_Vfs_Adapter_Abstract->info('application/packages/module-musi...')
#3 /var/www/vhosts/bio-views.com/httpdocs/SE/application/libraries/Zend/Controller/Action.php(513): ManageController->permsAction()
#4 /var/www/vhosts/bio-views.com/httpdocs/SE/application/libraries/Zend/Controller/Dispatcher/Standard.php(289): Zend_Controller_Action->dispatch('permsAction')
#5 /var/www/vhosts/bio-views.com/httpdocs/SE/application/libraries/Zend/Controller/Front.php(946): Zend_Controller_Dispatcher_Standard->dispatch(Zend_Controller_Request_Http, Zend_Controller_Response_Http)
#6 /var/www/vhosts/bio-views.com/httpdocs/SE/application/libraries/Zend/Application/Bootstrap/Bootstrap.php(77): Zend_Controller_Front->dispatch()
#7 /var/www/vhosts/bio-views.com/httpdocs/SE/application/libraries/Zend/Application.php(358): Zend_Application_Bootstrap_Bootstrap->run()
#8 /var/www/vhosts/bio-views.com/httpdocs/SE/install/index.php(87): Zend_Application->run()
#9 {main}

2013-09-18T19:07:01+00:00 WARN (4): [2] stat(): stat failed for /var/www/vhosts/bio-views.com/httpdocs/SE/application/modules/Poll/Api/Core.php (/var/www/vhosts/bio-views.com/httpdocs/SE/application/libraries/Engine/Vfs/Adapter/System.php) [77]
Error Code: 64c464
Stack trace:
#0 /var/www/vhosts/bio-views.com/httpdocs/SE/application/libraries/Engine/Vfs/Adapter/System.php(77): stat('/var/www/vhosts/bio-views.com/ht...')
#1 /var/www/vhosts/bio-views.com/httpdocs/SE/application/libraries/Engine/Vfs/Adapter/Abstract.php(224): Engine_Vfs_Adapter_System->stat('/var/www/vhosts/bio-views.com/ht...')
#2 /var/www/vhosts/bio-views.com/httpdocs/SE/install/controllers/ManageController.php(752): Engine_Vfs_Adapter_Abstract->info('application/modules/Poll/Api/Cor...')
#3 /var/www/vhosts/bio-views.com/httpdocs/SE/application/libraries/Zend/Controller/Action.php(513): ManageController->permsAction()
#4 /var/www/vhosts/bio-views.com/httpdocs/SE/application/libraries/Zend/Controller/Dispatcher/Standard.php(289): Zend_Controller_Action->dispatch('permsAction')
#5 /var/www/vhosts/bio-views.com/httpdocs/SE/application/libraries/Zend/Controller/Front.php(946): Zend_Controller_Dispatcher_Standard->dispatch(Zend_Controller_Request_Http, Zend_Controller_Response_Http)
#6 /var/www/vhosts/bio-views.com/httpdocs/SE/application/libraries/Zend/Application/Bootstrap/Bootstrap.php(77): Zend_Controller_Front->dispatch()
#7 /var/www/vhosts/bio-views.com/httpdocs/SE/application/libraries/Zend/Application.php(358): Zend_Application_Bootstrap_Bootstrap->run()
#8 /var/www/vhosts/bio-views.com/httpdocs/SE/install/index.php(87): Zend_Application->run()
#9 {main}

2013-09-18T19:07:01+00:00 WARN (4): [2] stat(): stat failed for /var/www/vhosts/bio-views.com/httpdocs/SE/application/modules/Poll/Api (/var/www/vhosts/bio-views.com/httpdocs/SE/application/libraries/Engine/Vfs/Adapter/System.php) [77]
Error Code: b48fce
Stack trace:
#0 /var/www/vhosts/bio-views.com/httpdocs/SE/application/libraries/Engine/Vfs/Adapter/System.php(77): stat('/var/www/vhosts/bio-views.com/ht...')
#1 /var/www/vhosts/bio-views.com/httpdocs/SE/application/libraries/Engine/Vfs/Adapter/Abstract.php(224): Engine_Vfs_Adapter_System->stat('/var/www/vhosts/bio-views.com/ht...')
#2 /var/www/vhosts/bio-views.com/httpdocs/SE/install/controllers/ManageController.php(752): Engine_Vfs_Adapter_Abstract->info('application/modules/Poll/Api')
#3 /var/www/vhosts/bio-views.com/httpdocs/SE/application/libraries/Zend/Controller/Action.php(513): ManageController->permsAction()
#4 /var/www/vhosts/bio-views.com/httpdocs/SE/application/libraries/Zend/Controller/Dispatcher/Standard.php(289): Zend_Controller_Action->dispatch('permsAction')
#5 /var/www/vhosts/bio-views.com/httpdocs/SE/application/libraries/Zend/Controller/Front.php(946): Zend_Controller_Dispatcher_Standard->dispatch(Zend_Controller_Request_Http, Zend_Controller_Response_Http)
#6 /var/www/vhosts/bio-views.com/httpdocs/SE/application/libraries/Zend/Application/Bootstrap/Bootstrap.php(77): Zend_Controller_Front->dispatch()
#7 /var/www/vhosts/bio-views.com/httpdocs/SE/application/libraries/Zend/Application.php(358): Zend_Application_Bootstrap_Bootstrap->run()
#8 /var/www/vhosts/bio-views.com/httpdocs/SE/install/index.php(87): Zend_Application->run()
#9 {main}

2013-09-18T19:07:01+00:00 WARN (4): [2] stat(): stat failed for /var/www/vhosts/bio-views.com/httpdocs/SE/application/modules/Poll (/var/www/vhosts/bio-views.com/httpdocs/SE/application/libraries/Engine/Vfs/Adapter/System.php) [77]
Error Code: d53f80
Stack trace:
#0 /var/www/vhosts/bio-views.com/httpdocs/SE/application/libraries/Engine/Vfs/Adapter/System.php(77): stat('/var/www/vhosts/bio-views.com/ht...')
#1 /var/www/vhosts/bio-views.com/httpdocs/SE/application/libraries/Engine/Vfs/Adapter/Abstract.php(224): Engine_Vfs_Adapter_System->stat('/var/www/vhosts/bio-views.com/ht...')
#2 /var/www/vhosts/bio-views.com/httpdocs/SE/install/controllers/ManageController.php(752): Engine_Vfs_Adapter_Abstract->info('application/modules/Poll')
#3 /var/www/vhosts/bio-views.com/httpdocs/SE/application/libraries/Zend/Controller/Action.php(513): ManageController->permsAction()
#4 /var/www/vhosts/bio-views.com/httpdocs/SE/application/libraries/Zend/Controller/Dispatcher/Standard.php(289): Zend_Controller_Action->dispatch('permsAction')
#5 /var/www/vhosts/bio-views.com/httpdocs/SE/application/libraries/Zend/Controller/Front.php(946): Zend_Controller_Dispatcher_Standard->dispatch(Zend_Controller_Request_Http, Zend_Controller_Response_Http)
#6 /var/www/vhosts/bio-views.com/httpdocs/SE/application/libraries/Zend/Application/Bootstrap/Bootstrap.php(77): Zend_Controller_Front->dispatch()
#7 /var/www/vhosts/bio-views.com/httpdocs/SE/application/libraries/Zend/Application.php(358): Zend_Application_Bootstrap_Bootstrap->run()
#8 /var/www/vhosts/bio-views.com/httpdocs/SE/install/index.php(87): Zend_Application->run()
#9 {main}

2013-09-18T19:07:01+00:00 WARN (4): [2] stat(): stat failed for /var/www/vhosts/bio-views.com/httpdocs/SE/application/packages/module-poll-4.5.0.json (/var/www/vhosts/bio-views.com/httpdocs/SE/application/libraries/Engine/Vfs/Adapter/System.php) [77]
Error Code: 48f706
Stack trace:
#0 /var/www/vhosts/bio-views.com/httpdocs/SE/application/libraries/Engine/Vfs/Adapter/System.php(77): stat('/var/www/vhosts/bio-views.com/ht...')
#1 /var/www/vhosts/bio-views.com/httpdocs/SE/application/libraries/Engine/Vfs/Adapter/Abstract.php(224): Engine_Vfs_Adapter_System->stat('/var/www/vhosts/bio-views.com/ht...')
#2 /var/www/vhosts/bio-views.com/httpdocs/SE/install/controllers/ManageController.php(752): Engine_Vfs_Adapter_Abstract->info('application/packages/module-poll...')
#3 /var/www/vhosts/bio-views.com/httpdocs/SE/application/libraries/Zend/Controller/Action.php(513): ManageController->permsAction()
#4 /var/www/vhosts/bio-views.com/httpdocs/SE/application/libraries/Zend/Controller/Dispatcher/Standard.php(289): Zend_Controller_Action->dispatch('permsAction')
#5 /var/www/vhosts/bio-views.com/httpdocs/SE/application/libraries/Zend/Controller/Front.php(946): Zend_Controller_Dispatcher_Standard->dispatch(Zend_Controller_Request_Http, Zend_Controller_Response_Http)
#6 /var/www/vhosts/bio-views.com/httpdocs/SE/application/libraries/Zend/Application/Bootstrap/Bootstrap.php(77): Zend_Controller_Front->dispatch()
#7 /var/www/vhosts/bio-views.com/httpdocs/SE/application/libraries/Zend/Application.php(358): Zend_Application_Bootstrap_Bootstrap->run()
#8 /var/www/vhosts/bio-views.com/httpdocs/SE/install/index.php(87): Zend_Application->run()
#9 {main}

2013-09-18T19:07:01+00:00 WARN (4): [2] stat(): stat failed for /var/www/vhosts/bio-views.com/httpdocs/SE/application/languages/en/video.csv (/var/www/vhosts/bio-views.com/httpdocs/SE/application/libraries/Engine/Vfs/Adapter/System.php) [77]
Error Code: 9c62a1
Stack trace:
#0 /var/www/vhosts/bio-views.com/httpdocs/SE/application/libraries/Engine/Vfs/Adapter/System.php(77): stat('/var/www/vhosts/bio-views.com/ht...')
#1 /var/www/vhosts/bio-views.com/httpdocs/SE/application/libraries/Engine/Vfs/Adapter/Abstract.php(224): Engine_Vfs_Adapter_System->stat('/var/www/vhosts/bio-views.com/ht...')
#2 /var/www/vhosts/bio-views.com/httpdocs/SE/install/controllers/ManageController.php(752): Engine_Vfs_Adapter_Abstract->info('application/languages/en/video.c...')
#3 /var/www/vhosts/bio-views.com/httpdocs/SE/application/libraries/Zend/Controller/Action.php(513): ManageController->permsAction()
#4 /var/www/vhosts/bio-views.com/httpdocs/SE/application/libraries/Zend/Controller/Dispatcher/Standard.php(289): Zend_Controller_Action->dispatch('permsAction')
#5 /var/www/vhosts/bio-views.com/httpdocs/SE/application/libraries/Zend/Controller/Front.php(946): Zend_Controller_Dispatcher_Standard->dispatch(Zend_Controller_Request_Http, Zend_Controller_Response_Http)
#6 /var/www/vhosts/bio-views.com/httpdocs/SE/application/libraries/Zend/Application/Bootstrap/Bootstrap.php(77): Zend_Controller_Front->dispatch()
#7 /var/www/vhosts/bio-views.com/httpdocs/SE/application/libraries/Zend/Application.php(358): Zend_Application_Bootstrap_Bootstrap->run()
#8 /var/www/vhosts/bio-views.com/httpdocs/SE/install/index.php(87): Zend_Application->run()
#9 {main}

2013-09-18T19:07:01+00:00 WARN (4): [2] stat(): stat failed for /var/www/vhosts/bio-views.com/httpdocs/SE/application/modules/Video/Api/Core.php (/var/www/vhosts/bio-views.com/httpdocs/SE/application/libraries/Engine/Vfs/Adapter/System.php) [77]
Error Code: 042910
Stack trace:
#0 /var/www/vhosts/bio-views.com/httpdocs/SE/application/libraries/Engine/Vfs/Adapter/System.php(77): stat('/var/www/vhosts/bio-views.com/ht...')
#1 /var/www/vhosts/bio-views.com/httpdocs/SE/application/libraries/Engine/Vfs/Adapter/Abstract.php(224): Engine_Vfs_Adapter_System->stat('/var/www/vhosts/bio-views.com/ht...')
#2 /var/www/vhosts/bio-views.com/httpdocs/SE/install/controllers/ManageController.php(752): Engine_Vfs_Adapter_Abstract->info('application/modules/Video/Api/Co...')
#3 /var/www/vhosts/bio-views.com/httpdocs/SE/application/libraries/Zend/Controller/Action.php(513): ManageController->permsAction()
#4 /var/www/vhosts/bio-views.com/httpdocs/SE/application/libraries/Zend/Controller/Dispatcher/Standard.php(289): Zend_Controller_Action->dispatch('permsAction')
#5 /var/www/vhosts/bio-views.com/httpdocs/SE/application/libraries/Zend/Controller/Front.php(946): Zend_Controller_Dispatcher_Standard->dispatch(Zend_Controller_Request_Http, Zend_Controller_Response_Http)
#6 /var/www/vhosts/bio-views.com/httpdocs/SE/application/libraries/Zend/Application/Bootstrap/Bootstrap.php(77): Zend_Controller_Front->dispatch()
#7 /var/www/vhosts/bio-views.com/httpdocs/SE/application/libraries/Zend/Application.php(358): Zend_Application_Bootstrap_Bootstrap->run()
#8 /var/www/vhosts/bio-views.com/httpdocs/SE/install/index.php(87): Zend_Application->run()
#9 {main}

2013-09-18T19:07:01+00:00 WARN (4): [2] stat(): stat failed for /var/www/vhosts/bio-views.com/httpdocs/SE/application/modules/Video/Api (/var/www/vhosts/bio-views.com/httpdocs/SE/application/libraries/Engine/Vfs/Adapter/System.php) [77]
Error Code: 90e1f2
Stack trace:
#0 /var/www/vhosts/bio-views.com/httpdocs/SE/application/libraries/Engine/Vfs/Adapter/System.php(77): stat('/var/www/vhosts/bio-views.com/ht...')
#1 /var/www/vhosts/bio-views.com/httpdocs/SE/application/libraries/Engine/Vfs/Adapter/Abstract.php(224): Engine_Vfs_Adapter_System->stat('/var/www/vhosts/bio-views.com/ht...')
#2 /var/www/vhosts/bio-views.com/httpdocs/SE/install/controllers/ManageController.php(752): Engine_Vfs_Adapter_Abstract->info('application/modules/Video/Api')
#3 /var/www/vhosts/bio-views.com/httpdocs/SE/application/libraries/Zend/Controller/Action.php(513): ManageController->permsAction()
#4 /var/www/vhosts/bio-views.com/httpdocs/SE/application/libraries/Zend/Controller/Dispatcher/Standard.php(289): Zend_Controller_Action->dispatch('permsAction')
#5 /var/www/vhosts/bio-views.com/httpdocs/SE/application/libraries/Zend/Controller/Front.php(946): Zend_Controller_Dispatcher_Standard->dispatch(Zend_Controller_Request_Http, Zend_Controller_Response_Http)
#6 /var/www/vhosts/bio-views.com/httpdocs/SE/application/libraries/Zend/Application/Bootstrap/Bootstrap.php(77): Zend_Controller_Front->dispatch()
#7 /var/www/vhosts/bio-views.com/httpdocs/SE/application/libraries/Zend/Application.php(358): Zend_Application_Bootstrap_Bootstrap->run()
#8 /var/www/vhosts/bio-views.com/httpdocs/SE/install/index.php(87): Zend_Application->run()
#9 {main}

2013-09-18T19:07:01+00:00 WARN (4): [2] stat(): stat failed for /var/www/vhosts/bio-views.com/httpdocs/SE/application/modules/Video (/var/www/vhosts/bio-views.com/httpdocs/SE/application/libraries/Engine/Vfs/Adapter/System.php) [77]
Error Code: ae94ee
Stack trace:
#0 /var/www/vhosts/bio-views.com/httpdocs/SE/application/libraries/Engine/Vfs/Adapter/System.php(77): stat('/var/www/vhosts/bio-views.com/ht...')
#1 /var/www/vhosts/bio-views.com/httpdocs/SE/application/libraries/Engine/Vfs/Adapter/Abstract.php(224): Engine_Vfs_Adapter_System->stat('/var/www/vhosts/bio-views.com/ht...')
#2 /var/www/vhosts/bio-views.com/httpdocs/SE/install/controllers/ManageController.php(752): Engine_Vfs_Adapter_Abstract->info('application/modules/Video')
#3 /var/www/vhosts/bio-views.com/httpdocs/SE/application/libraries/Zend/Controller/Action.php(513): ManageController->permsAction()
#4 /var/www/vhosts/bio-views.com/httpdocs/SE/application/libraries/Zend/Controller/Dispatcher/Standard.php(289): Zend_Controller_Action->dispatch('permsAction')
#5 /var/www/vhosts/bio-views.com/httpdocs/SE/application/libraries/Zend/Controller/Front.php(946): Zend_Controller_Dispatcher_Standard->dispatch(Zend_Controller_Request_Http, Zend_Controller_Response_Http)
#6 /var/www/vhosts/bio-views.com/httpdocs/SE/application/libraries/Zend/Application/Bootstrap/Bootstrap.php(77): Zend_Controller_Front->dispatch()
#7 /var/www/vhosts/bio-views.com/httpdocs/SE/application/libraries/Zend/Application.php(358): Zend_Application_Bootstrap_Bootstrap->run()
#8 /var/www/vhosts/bio-views.com/httpdocs/SE/install/index.php(87): Zend_Application->run()
#9 {main}

2013-09-18T19:07:01+00:00 WARN (4): [2] stat(): stat failed for /var/www/vhosts/bio-views.com/httpdocs/SE/application/packages/module-video-4.6.0.json (/var/www/vhosts/bio-views.com/httpdocs/SE/application/libraries/Engine/Vfs/Adapter/System.php) [77]
Error Code: ed80ee
Stack trace:
#0 /var/www/vhosts/bio-views.com/httpdocs/SE/application/libraries/Engine/Vfs/Adapter/System.php(77): stat('/var/www/vhosts/bio-views.com/ht...')
#1 /var/www/vhosts/bio-views.com/httpdocs/SE/application/libraries/Engine/Vfs/Adapter/Abstract.php(224): Engine_Vfs_Adapter_System->stat('/var/www/vhosts/bio-views.com/ht...')
#2 /var/www/vhosts/bio-views.com/httpdocs/SE/install/controllers/ManageController.php(752): Engine_Vfs_Adapter_Abstract->info('application/packages/module-vide...')
#3 /var/www/vhosts/bio-views.com/httpdocs/SE/application/libraries/Zend/Controller/Action.php(513): ManageController->permsAction()
#4 /var/www/vhosts/bio-views.com/httpdocs/SE/application/libraries/Zend/Controller/Dispatcher/Standard.php(289): Zend_Controller_Action->dispatch('permsAction')
#5 /var/www/vhosts/bio-views.com/httpdocs/SE/application/libraries/Zend/Controller/Front.php(946): Zend_Controller_Dispatcher_Standard->dispatch(Zend_Controller_Request_Http, Zend_Controller_Response_Http)
#6 /var/www/vhosts/bio-views.com/httpdocs/SE/application/libraries/Zend/Application/Bootstrap/Bootstrap.php(77): Zend_Controller_Front->dispatch()
#7 /var/www/vhosts/bio-views.com/httpdocs/SE/application/libraries/Zend/Application.php(358): Zend_Application_Bootstrap_Bootstrap->run()
#8 /var/www/vhosts/bio-views.com/httpdocs/SE/install/index.php(87): Zend_Application->run()
#9 {main}

